{"level":30,"time":1779185502940,"pid":87386,"hostname":"NOC64","msg":"🌕 Moon rising... Baileys v2.3000.1035194821, latest=true"}
⚠️ The printQRInTerminal option has been deprecated. You will no longer receive QR codes in the terminal automatically. Please listen to the connection.update event yourself and handle the QR your way. You can remove this message by removing this opttion. This message will be removed in a future version.
{"level":30,"time":1779185503110,"pid":87386,"hostname":"NOC64","browser":["Moon LMS Bot","Chrome","1.0.0"],"helloMsg":{"clientHello":{"ephemeral":"V3JmUsTaQv45d/Vo+5+kWrTITdWLQT+OMYldnID4RQA="}},"msg":"connected to WA"}
{"level":30,"time":1779185503265,"pid":87386,"hostname":"NOC64","node":{"passive":false,"userAgent":{"platform":"WEB","appVersion":{"primary":2,"secondary":3000,"tertiary":1035194821},"mcc":"000","mnc":"000","osVersion":"0.1","device":"Desktop","osBuildNumber":"0.1","releaseChannel":"RELEASE","localeLanguageIso6391":"en","localeCountryIso31661Alpha2":"US"},"webInfo":{"webSubPlatform":"WEB_BROWSER"},"connectType":"WIFI_UNKNOWN","connectReason":"USER_ACTIVATED","devicePairingData":{"eRegid":"AAAAtA==","eKeytype":"BQ==","eIdent":"0VLEwQM7LDGYFxtaPfaAqk9r3Ix/fNSgNCkelMlL0HY=","eSkeyId":"AAAB","eSkeyVal":"9gW2tHCrskMv+T4wSG3Oqdk56xSNJF82pfHqkYRjHy0=","eSkeySig":"lTeBhDx/fzO3WYZh0AwQpqokLoYPiKcIfaIX3aXdfigjl41+B/Raw82kW1y0yJSqCp4y2Oowc72AQTW+itNJhA==","buildHash":"oslHHv+RCp4a5lmJCiiHLQ==","deviceProps":"CgxNb29uIExNUyBCb3QYASAAKhUYgFAgATAAOAFAAUgBUAFYAWABcAE="},"pull":false},"msg":"not logged in, attempting registration..."}
▄▄▄▄▄▄▄▄▄▄▄▄▄▄▄▄▄▄▄▄▄▄▄▄▄▄▄▄▄▄▄▄▄▄▄▄▄▄▄▄▄▄▄▄▄▄▄▄▄▄▄▄▄▄▄▄▄▄▄
█ ▄▄▄▄▄ █▀█▄███ ██▀ ▄▀▄▄▄▄▄██▄▄▄▄▀▀▀▄█▄██ █▄ █▄▄ ██ ▄▄▄▄▄ █
█ █   █ █▀▀▀ ▀ █▄▄▀▀▄▄▄▄▀▀▀█▀▄█▀ ▄▄█ ▀▄▀█▄▀  ▄ ▄ ██ █   █ █
█ █▄▄▄█ █▀▀ ▄█ ▀▄█▀▀▄ ▄▀▀ █ ▄▄▄ █ █▀██ ▀▄▄▄ ▄▄▀▀▄██ █▄▄▄█ █
█▄▄▄▄▄▄▄█▄█▄▀ ▀▄▀▄▀ ▀ ▀▄█ █ █▄█ ▀▄█ ▀▄▀▄▀▄█ ▀ █ ▀▄█▄▄▄▄▄▄▄█
█▄▄  ▄▀▄▄ ▀▄█ ▄▀▄▄   ▄▀█▀▀▄   ▄ ▀█▀█▀ ▀█▀▀ ▀▀█▄█▀  █▄█▄▀ ██
█ ▀▄▄ ▀▄▀▀▀ ▀▀▄  ▄▀ ▀▀▀  ▄ ▄  ▀█▀▀ ██▀▄▀▀█ ▀▀▄█ █ ▀█▄ ▀▀▄▀█
█  ▀▀██▄▄▄ ▀▄█▄▄▀▄▀ ▀▄▀▄▄▀█▄▄█▀█ █▄▄   ███▀▀ ▀██▀ ██ ██ ▄██
██▄ ▄▀▄▄ ▄▀▄ ▄▄█▀ ▄█▄ ▄█ █ ▄▀██ ▀  ▄█▄ ▀  ▀█▄▀ ▄█▄▄ █▀ ▀ ▀█
█ ▀▀▄▀█▄█  ▀ ▀▄▀██▄▄▀██▀  ▀▀▀   ██▀▄▀▄▀▄▄▀ ▀ ▀█▄▀▀▄█▄▀ █▄██
████▀  ▄ ▀▀█▀ ▀█ ▀▄ ▄▀▄█▄▄▀▄▀ ██▀█▀▄ ▄█▀█▀▀▄▀█▄  ▄ ▄▄▄█  ██
██▄█ ▄▀▄▄▄ ▀▄▀▀█▄▀▄ ▄█▀▀▀▄▀▀█▀  ▄███ ▄▀█▄▀▄  ▀ █▄▀▄▄▀▀ ▀▀▀█
█▄▀ █▀▄▄▀▄▀▄██ █▄ ▀▀▄█▀▄▀█▀ ▄█ ▄██▄ █  ▄▀▀▄▀▀▀█▄▄██ ▄ ▀ ▀██
█▀▀▄▀▄ ▄ ▀█▄▄█▀ ██▄ █▄▄▀▀ █▀█▀ ▀▄ ▄ ▄▄▄███▀ ████ ▀▀▄█▀█ ▄ █
██ ▀▄ ▄▄▄ ██▄▀█▀▀▀▄█ ▀▄█▀▄▄ ▄▄▄ ▄▄▄▀█▄▄▄▄▄▄▄▀  ▄▄ ▄▄▄ ▀ ▄▀█
█ █ █ █▄█  ▀ ▄▄▄ ▄▄▀▀▄▄█▀▀▀ █▄█  ▀██▄▄▀██▀ ▀ ██▄▄ █▄█ ▀ ▀ █
█▄▀█▀▄▄▄ ▄ ▀▀ ▄█  ██▄█▄█▀█   ▄▄▄▀▀▄▀ ▄▀▀▀█▄  ▀  █▄▄▄▄ ▀▀▀██
█▄ ▀▀█ ▄▄▀▄▀▄▄▀▄▄█▄▄ █▀▀  ▄▀█▄▀ █▀▀█ ▄ ██▀▀▀█▀▄██ ▄█▄█▀ ▄▀█
███▄ █ ▄▀▀██▀▀█ █▄▄▀▀█▄███▄█  ▀ ▀▀  ██ █ █  ▄▀ █ ▄▄▀ ▀▀▀ ▀█
█▄▄▄██ ▄▄▄▄▄█ ▄ ▀█▀▄▀▀▄▀▄ ▄▀▀███▀█▀▄▄ ▀██▀ ▀▄▀▄█▀▀ ▀▄█  ▄▀█
███▀ ▄▀▄█▀▄▀█▀  ▀█▀▀▀  █▄ ▄▄▀█ ▄ █▀▄ ▄█  ▄▀ █▀██ ▄▄▀▀██▀▄▄█
█ ▄██▀ ▄█ ▀▀▄▀ ▄▀▄▀▄▄▄▀█▀▀█▀███ ▀█▀█▀  ██▀▄ ▄█▄█▀▄▀ ▄▄ ▀███
█▄▄ ▄▄█▄█▀ ▄▀██▄▀▀▀ ▄▀▀   █▀▄ ▄▄▀▀████ █ ▄▄▀▄▄ ██▄▄█▄ ▀ ▄██
█▄▀ █ ▄▄▄  █▄▄▄▀▄█▀  █▀▄▀ ▄█▄█▄▄█▀▄▄▄  ▄▀█▀ ▄██▄▀▀▀▄ ▄█▄  █
█ ▀ ▀▀▄▄██▄ ▄▄█▄▀▄▄██▀▀▀ ▀▀▄▄▀▄ █▀█▀█▄█ █▀▄▀  ▄▀▀▀▄█▀ ▄▀█▀█
███████▄▄▀▀ ▀▀▄ █▄▄▄▀▄█▀    ▄▄▄  ▀▄█ ▄▀███▀▀ █▄██ ▄▄▄ ███ █
█ ▄▄▄▄▄ █▄  ▀▄ ▄▀█▀▄▄▀█▀█▀▄ █▄█ ▄█ ▀▀███ ▀ ▄▀ ▄▄█ █▄█ ▀▀ ▀█
█ █   █ █ ▄▄ █▄▄▄▀  ▄█▀█▀▄  ▄  ▄▄████▄ █▄▀▀ ▄▀▄▄▄▄▄▄▄ █▀▄██
█ █▄▄▄█ █ ▀███▀ ▄  ▄▄█ ▄▀█▀ ▀█▀██▄█ ▀█▄▀▀█▀ █▄ ▀█ ▀▄█▀▀▀███
█▄▄▄▄▄▄▄█▄▄▄█▄████▄▄▄█████▄█▄██▄▄▄▄▄▄▄████▄█▄█████▄█▄▄█▄▄██

{"level":30,"time":1779185503563,"pid":87386,"hostname":"NOC64","msg":"📱 Scan the QR code above with WhatsApp to connect Moon"}
▄▄▄▄▄▄▄▄▄▄▄▄▄▄▄▄▄▄▄▄▄▄▄▄▄▄▄▄▄▄▄▄▄▄▄▄▄▄▄▄▄▄▄▄▄▄▄▄▄▄▄▄▄▄▄▄▄▄▄
█ ▄▄▄▄▄ █▀█▄███▀█▀  ▄▀█▄▄▄▄██▄▄▄▄▀█▀ ▀ █▀ ▄▄▀▄▄▄ ██ ▄▄▄▄▄ █
█ █   █ █▀▀▀▄▀ █▄█▀▀▄█▄▄▀▀▀█▀▄█▀ █▄█▄▀▄▀█▄▀ ▀▄ ▄ ██ █   █ █
█ █▄▄▄█ █▀▀ ▄█ ▀▄█▀▀▄ ▄▀▀ █ ▄▄▄   █▀█  ▀█▄▄ ▀▄▀▀▄██ █▄▄▄█ █
█▄▄▄▄▄▄▄█▄▀ █▄▀▄▀▄▀ ▀ ▀▄█ █ █▄█ ▀▄█ ▀▄▀▄▀▄█ ▀ █ ▀▄█▄▄▄▄▄▄▄█
█▄▄   █▄▄ █▀▄▀▄▀▄▄   ▄▀█▀▀ ▄  ▄ ▀█▀█▀ ▀█▀▀ ▀▀█▄█  ▄█ ▀▄▀ ██
█ ▀▄▄ ▀▄▄▀█ ▀█▄  ▄▀ ▀▀▀  ▄▀█▄ ▀█▀▀ ██▀ █▀█▄▀▀▄█ █▄ ▄ █▀▀▄▀█
█   ███▄▀ █▀▄█▄▄▀▄▀ ▀▄▀▄▄▀█▄██▀█ ███  ▄███ ▀ ▀ ▄▀▀███▀▀ ▄██
█ ▀█▄▀▄▄ ▄▀▄ ▄▄█▀ ▀▄▄ ██ █ ▄ ▄▀ ▀  █▀▄▄   ▄█ █▀▄▄▄▄ █▀▀▀ ▀█
██▀ ▄▀█▄█  ▀ ▀▄▀██▄ ▄▄██  ▀▀▀  ▀██▀▄▀ ██ █   ██▄▀▀▄█▄▀▀█ ▀█
█▀▀ ▀▄▄▄ ▀▀█▀ ▀█ █▄ █▄▄█▄▀▀▄▀ ▄██▀▀▄▀█▄   ▀█ ▀▄▀ ▄▄ ▄▄█ ▀██
█▄▄█ █▀▄▄▄ ▀██▀█▄▀▄ ▄█▀▀▀▄▀▀█▀  ▀███  ▀█▀█▄  ▀ █▄▀▀▄▀▀ ▀▀ █
█▄▀ █▄▀▄█ ▄▄ █▄▀▄ ▀▀▄█▀▄▀█▀ ▄█ ▄█▄▄ ▄  ▄ ▀▄▀  █▄▄██ ▄▄▀ ▀██
█▀▀▄▀▄ ▄▄▀▄▀▄▀▀ ██▄ █▄▄▀▀ ▀██▀ ▀▄ ▄ ▄▄▄███▀ ████▄▀▀██▀█ ▄ █
██ ▀▄ ▄▄▄ ▀ █▀ ▀▀▀▄█ ▀▄█▀▄█ ▄▄▄ ▄▄▄▀█▄▄ ▄▄▄ ▀ ▄▄▄ ▄▄▄ ▀ ▄▀█
█ ██▄ █▄█ ▄▄ ▄▀▄ ▄▄▀▀▄▄█▀▀█ █▄█  ▀█▄▄▄▀██▀▀▀ ████ █▄█  ▀▀ █
██ ▄▄▄▄▄▄▄ ▀▀ ▄█    ▄███▀█   ▄▄▄▀▀█▀  ▀██▀█▀ ▀█▄▄▄▄  ▄█▀▀██
██▀▀██ ▄▀ ▄▀▄▄▀▄█▄▄▄▀▄▀█  ▄▀█▄▀ █▀▀█▄▄ ▄▄█▄ ▄█████▄██▄ ▀ ▀█
█ ▀▄▄█ ▄▄▀██▀▀█ ▀ ▄▀ █▄█ █▄█ ▀▀ ▀▀  ██▀▄▄▀▀▀▄▀ █ ▄▄▀▄▀▀▀▄▀█
█▀▀▄██ ▄▄▄▄▄  ▄ ▀█▀▄▀▀▄▀▄ ▄▀▀██▄ ▀▀▄ ▄▀█▀█ ▀ █▄█▀▀ ▀▄█  ▄▀█
███▀ ▄▀▄█▀▀▀▄█▀▄▀█▀▀▀  █▄ ▄▄▀█▄  ▄▀▄ ▄█  █▀ ▄▀██ ▄▄▀▀██▀▄▄█
█ ▄███ ▄█ █▄▄█▄ ▀▄▀▄▄▄▀█▀▀█▀███ ▀█▀█▀  ██▀▄ ▄█▄█▀▄▄ ▄▄▄▀███
█▄▄ ▄  ▄█▀█▄ ▀▀█▀▀▀ ▄▀▀   █▀▄ ▄▄▀▀▀███ ▀ ▄▄█▄▄ ▀▀▀▄▀▄ ▀▀▄██
█▄▀█ ▀█▄   ▀▄▄▀█▄█▀  █▀▄▀ ▄ ▄█▄▄█▀▄▄▄ ▀█▀█  ▄████▀▄▄▄█▄▄  █
█ ▀ ▀▀▄▄█▀▄ ▄▄█▄▀▄ ▀█▀█▀ ▀ ▀▄▀▄ █▀▄▀█▄▄ ██▀█  ███▄▄█▀█▀ █▀█
███████▄▄▀▀ ▀▀▄ ▄▄▄ ▄▄▀█▀▀  ▄▄▄  ▀▄█▄▄ ██▀▄▀▄█▄▄▀ ▄▄▄ ██▀ █
█ ▄▄▄▄▄ █▄  ▀▄ ▄▀▄▀▄▄▀█▀▀▀▄ █▄█ ▄█ ▀█▀▄█▄ ▀█▀▄█▄▄ █▄█ ▀▀█▀█
█ █   █ █ ▄▄▀█▄▄▄▀  ▄█▀█▀▄  ▄▄ ▄▄▀██ ▄ █▀▀▀ ▄▀▄▄▄▄▄▄  █▀▄██
█ █▄▄▄█ █ ▀▀  ▄ ▄  ▄▄█ ▄▀█▀ ██▀█▄██ ▀▄▄▀ █▀ ▄█ ▀█ ▀▄▀█▀▀███
█▄▄▄▄▄▄▄█▄▄█▄▄▄▄██▄▄▄█████▄████▄▄▄▄▄▄▄████▄█▄█████▄█▄██▄▄██

{"level":30,"time":1779185563571,"pid":87386,"hostname":"NOC64","msg":"📱 Scan the QR code above with WhatsApp to connect Moon"}
▄▄▄▄▄▄▄▄▄▄▄▄▄▄▄▄▄▄▄▄▄▄▄▄▄▄▄▄▄▄▄▄▄▄▄▄▄▄▄▄▄▄▄▄▄▄▄▄▄▄▄▄▄▄▄▄▄▄▄
█ ▄▄▄▄▄ █▀█▄██▄  █▀▀▄▀▄█▄▄▄██▄▄▄▄▀▄▀█ ▀▀  ▄ █▄▄▄ ██ ▄▄▄▄▄ █
█ █   █ █▀▀▀ █ █▄█▀▀█▄▄▄  ▀█▀▄█▀ █▄█  ▄▀▀▄▀  █ ▄ ██ █   █ █
█ █▄▄▄█ █▀█  ▀ ▀▄█▀▀▄ ▄▀▀ █ ▄▄▄ ▄██▀▀█ ▀▄▄▄ ▄ ▀▀▄██ █▄▄▄█ █
█▄▄▄▄▄▄▄█▄▀▄▀▄▀▄▀▄▀ ▀ ▀▄█ █ █▄█ ▀▄█ ▀▄▀▄▀▄█ ▀ █ ▀▄█▄▄▄▄▄▄▄█
█▄▄   ▀▄ ▄▄▄██▄▀▄▄   ▄▀█▀▀ ▄  ▄ ▀█▀█▀ ▀█▀▀ ▀▀█▄█ ▀ █ ▀▄▀ ██
█ ▀▄▄▀▀▄█ ██ ▄▄  ▄▀ ▀▀▀  ▄▀█▄ ▀█▀▀▄██▀▄▀▀█ ▀▀▄█ █▀▀█▄█▀▀▄▀█
█   ███▄▀▀▀▀▄█▄▄▀▄▀ ▀▄▀▄▄▀██▀█▀█ ███  ▀███   ▀ ▄▀▀██▀▀█ ▄██
█▄██▀▀▄▄ ▄▀▄ ▄▄█▀  ▀▄  ▀ █ ▄ ▄█ ▀ ▀▀▀▄██▄▄ ▄ █▀▄ ▀▄ █ ▀  ▀█
█ ▄▀█▀█▄█  ▀ ▀▄▀█▄▄▄▀▄█▀  ▀▀▀ ▀ ██ █▄▄▀███▀  ███▀▀▄█▄▀ ▄ ▀█
█ ▀▄█▄ ▄ ▀▀█▀ ▀█▀█▄ ▄▀▄█  ▀▄▀ ▄██▀▀▄█▄█▀▄▄ █▄▄█  ▄ ▄▄▄█  ██
█ ▀█ ▄▄▄▄▄ ▀█ ▀█▄▀▄ ▄█▀▀▀▄▀▀█▀   ▀██▄▄▀██▀▄ ▄█ █▄▀▀█▀▀ ▀▀▀█
█▄▀ █▀▄▄█ ▄▄▄▀▄▀▄ ▀▀▄█▀▄▀█▀ ▄█ ▄▄█▄ █  ▄ ▀▄▀ ▀█▄▄█▄▄▄ ▀ ▀██
█▀▀▄▀▀▀▄███▀▄▄ ███▄ █▄▄▀▀ ▀██▀ ▀▄ ▄ ▄▄▄███▀ ████   ▄███ ▄ █
██ ▀▄ ▄▄▄ █ ▄ ▄▀▀▀▄█ ▀▄█▀▄  ▄▄▄ ▄▄ ██▄▄ ▄▄▄ ▀ ▄▄▀ ▄▄▄ ▀ ▄▀█
█ █▀▀ █▄█ ▄▀ ▄▄  ▄▄▀▀▄▄█▀▀▀ █▄█  ▀█▄▄▄▀▄█▀ ▀ █▄█▀ █▄█ ▀ ▀ █
█▄ ▄█▄▄▄   ▀▀ ▄█  ▄ ▄█▄█▀█▀▄ ▄▄▄▀▀▄  ▄█▀██  ▄█ █▀▄▄   ▄▀▀██
██ ▀ █ ▄▄▀▄▀▄▄▀▄██▄ ▀█▀▀▀ ▄▀▄▄▀ █▀▀█▀ █▄▀█ ▀▄▀▄▄▀ ▄█▄▄▀▀▄▀█
█ ██ █ ▄ ▄██▀▀█ ▀█▄▀ ▄▄█ ▀▄█▄█▀ ▀▀  ▀█ ▄▄▄     ▄▀▄▄▀▀▄▀▀▄██
█▄▀▄██ ▄▄▄▄▄ ▀▄ ▀█▀▄▀▀▄▀▄ ▄▀▀█▄▄▀▀▀▄  ▀███ ▀██▄█▀▀ ▀▄█  ▄▀█
███▀ ▄▀▄█▀▀ ▄▀▄█▀█▀▀▀  █▄ ▄▄▀█   █▀▄▀██  ▄▀ █ ██ ▄▄▀▀██▀▄▄█
█ ▄██▄ ▄█ ▀▄▀ ▄▄▀▄▀▄▄▄▀█▀▀█▀███ ▀█▀█▀  ██▀▄ ▄█▄█▀▄▄▀▄▄ ▀███
█▄▄ ▄ ▀▄█▀▄▄█▀▀▄▀▀▀ ▄▀▀   ▀▀▄ ▄▄▀▀█▀██ ▀ ▄▄▀▄▄▄▀▀█▀▀▄  ▀▄██
█▄▀██▀ ▄▀██▄▄▄▄█▄█▀  █▀▄▀ █▄▄█▄▄█▀██▄ ██▀██ ▄██▄█▄▀██▄ ▄  █
█ ▀ ▀▀▄▄ ▄▄ ▄▄█▄▀▄███▀▄▀ ▀ ▀▄▀▄ █▀▄▀▀▄ ▄█▀▄█▄▄▄▀▄█▄█▀ ▄▀█▀█
███████▄█ ▀ ▀▀▄ ██ ▄▄▄ ▀    ▄▄▄  ▀▄██ ▀▄█▀█▀▄██▄█ ▄▄▄ ██▀▄█
█ ▄▄▄▄▄ █▄  ▀▄ ▄▀▄▀▄▄ █▀▄▄▄ █▄█ ▄█ ▀▀▀▄█▄ ▀█ ▀▄▄  █▄█ ▀▀▄▀█
█ █   █ █ ▄▄█▄▄▄▄▀  ▄█▀█▀▄     ▄▄███   █▀▀▀ ▀█▄▄█▄▄▄  █▀▄██
█ █▄▄▄█ █ █▄█ ██▄  ▄▄█ ▄▀█▀ ▀▀▀█▄██ ▀█▄▀▀█▀ █▄ ▀█ ▀▄▀█▀▀███
█▄▄▄▄▄▄▄█▄▄▄██▄▄██▄▄▄█████▄█▄██▄▄▄▄▄▄▄████▄█▄█████▄█▄▄█▄▄██

{"level":30,"time":1779185583589,"pid":87386,"hostname":"NOC64","msg":"📱 Scan the QR code above with WhatsApp to connect Moon"}
▄▄▄▄▄▄▄▄▄▄▄▄▄▄▄▄▄▄▄▄▄▄▄▄▄▄▄▄▄▄▄▄▄▄▄▄▄▄▄▄▄▄▄▄▄▄▄▄▄▄▄▄▄▄▄▄▄▄▄
█ ▄▄▄▄▄ █▀█▄██▄ █▀▀▀▄▀▄█ ▄▄██▄▄▄▄▀█▀  ▄██▄ ▄█ ▄▄ ██ ▄▄▄▄▄ █
█ █   █ █▀▀▀ ▀ █▄▄▀▀█▄▄▄▀ ▀█▀▄█▀ ▄▄█▄▀▄▀▀▄▀ ▀▄ ▄ ██ █   █ █
█ █▄▄▄█ █▀█▄▀▀ ▀▄█▀▀▄ ▄▀▀ █ ▄▄▄ █ █▀▀▄ ▀ ▄▄ ██▀▀▄██ █▄▄▄█ █
█▄▄▄▄▄▄▄█▄█ ▀ ▀▄▀▄▀ ▀ ▀▄█ █ █▄█ ▀▄█ ▀▄▀▄▀▄█ ▀ █ ▀▄█▄▄▄▄▄▄▄█
█▄▄   █▄▄ █▀▄▄▄▀▄▄   ▄▀█▀▀ ▄  ▄ ▀█▀█▀ ▀█▀▀ ▀▀█▄█ ▀ █ █▄▀ ██
█ ▀▄▄  ▄▄▀█▀▀▄▄  ▄▀ ▀▀▀  ▄▀█ ▄▀█▀▀ ██▀ █▀█ ▀▀▄█ █▄▀▄▄▄▀▀▄▀█
█    ██▄▀▄▄█▄█▄▄▀▄▀ ▀▄▀▄▄▀▄█▀▀▀█ █ █  ▀▄██   ▀▀█▀ ███▀▀▄▄██
█▄▀▀▀▀▄▄▀▄▀▄ ▄▄█▀ █▄▄ ▀  █ ▄ ██▄▀ █▄█ █    ▀ ▀█▄ ▄▄ █  ▀ ▀█
█ █▄▄▀█▄█  ▀ ▀▄▀▄▄▄▄▀█▀█ ▀▀▀▀ ▀ ██▀▄▄  █▀▀▀  ▀▄▄▀▀▄█▄▀▀▄▄██
██▄█▄  ▄ ▀▀█▀ ▀█▀▀▄ █▀▄██ ▀▄▀ ██▀█▀▄█▄█▀ ▄▀▄  ▄  ▄ ▄▄▄█  ██
█ ▀█  █▄▄▄ ▀▄█▀█▄▀▄ ▄█▀▀▀▄▀▀█▀  ▄▀██  ▀███▄ ▀█ █▄▀▀█▀▀ ▀  █
█▄▀ ██ ▄▀ █▀ ▄▄▄▄ ▀▀▄█▀▄▀█▀ ▄█ ▄██▄ █  ▄▀▀▄▀ ▀█▄▄█ ▄ ▄▀ ▀██
█▀▀▄▀█ ▄▀▄▀█ █▄███▄ █▄▄▀▀ █▀█▀ ▀▄ ▄ ▄▄▄███▀ ████ ▀▀▄███ ▄ █
██ ▀▄ ▄▄▄ ▀█▀▀██▀▀▄█ ▀▄█▀▄▀ ▄▄▄ ▄▄ ▀█▄▄ ▄▄  ▀  ▄█ ▄▄▄ ▀ ▄▀█
█ █▄▀ █▄█ █▄ ▄██ ▄▄▀▀▄▄█▀▀▀ █▄█  ▀▄█▄▄ ██▀ ▀ █▄▄▀ █▄█ ▄█▀ █
█ ▀█▄▄ ▄ ▄ ▀▀ ▄█    ▄█ ▀▀█   ▄▄▄▀▀█▀  █▄▀█  ▄▀▀▄▀▄ ▄  ▀▀▀██
█ █▄▄█ ▄▄█▄▀▄▄▀▄▄█▄▄▀███▄▀▄▀▀▄▀ █▀▀█  ▀▄█▀ ▀▄█▀▄▀▀▄█▄█▀▀▄██
█▄██ █ ▄█▀██▀▀█ ▀▄▄▀▄▄▄█▄▀▄█▄ ▀ ██  ██▀██ ▀   ▀▄ ▄▄▀ ▀▀▀▄▀█
█ ▄▄██ ▄▄▄▄▄▀▀▄ ▀█▀▄▀▀▄▀▄ ▄▀▀█▄ ▄█▀▄  ▀█▀█ ▀█▀▄█▀▀ ▀▄█  ▄ █
███▀ ▄▀▄█▀▀█▀▀██▀█▀▀▀  █▄ ▄▄▀█  ▀█▀▄▀██  ▄▀ ▄▀██ ▄▄▀▀██▀▄▄█
█ ▄██▄▀▄█   ▀▀▀█▀▄▀▄▄▄▀█▀▀█▀███ ▀█▀█▀  ██▀▄ ▄█▄█▀▄█▄▄▄▄▀███
█▄▄ ▄  ▄█▀█▀▄███▀▀▀ ▄▀▀   █▀▄ ▄▄▀▀████ ▀ ▄ ▀▄▄ ▀▀▄▄█▄ ▀▀▄██
█▄▀▀▀ ▄▄ ▄▀█▄▄█▄▄█▀  █▀▄▀ █▀▄█▄▄█▀▄▄▄ ▀▄▀█▀ ▄███▀██▀█▄▄   █
█ ▀ ▀▀▄▄▀▀▄ ▄▄█▄▀▄ ▀█▀ ▀ ▀▀▄▄▀▄ █▀▄ ▀▄▄█▀▀██▄ ▄▄█▄▄█▄▄ ▀█▀█
███████▄▄ ▀ ▀▀▄ █▄▄ ▀▄██    ▄▄▄  ▀▄█▀  ▄▄▀▀▀ ▀███ ▄▄▄ ▄██ █
█ ▄▄▄▄▄ █▄  ▀▄ ▄█▀▀▄▀██▀  ▄ █▄█  ▀ ▀ ▄▄█▄█ █ ▀█▄▀ █▄█ ▀▀ ██
█ █   █ █ ▄▄ █▄▄▄▀  ▄█▀█▀▄     ▄▄▀███  ██▀▀  ▀▄▄█▄▄▄▄▄█▀███
█ █▄▄▄█ █  █  ▄▀▄  ▄▄█ ▄▀█▀ █▀▀█▄██  ▄▄▀ ▄▀ ▄▄ ▀█ ▀▄▀▀▀▀███
█▄▄▄▄▄▄▄█▄▄███████▄▄▄█████▄█▄██▄▄▄▄▄▄▄████▄█▄█████▄█▄██▄▄██

{"level":30,"time":1779185603601,"pid":87386,"hostname":"NOC64","msg":"📱 Scan the QR code above with WhatsApp to connect Moon"}
▄▄▄▄▄▄▄▄▄▄▄▄▄▄▄▄▄▄▄▄▄▄▄▄▄▄▄▄▄▄▄▄▄▄▄▄▄▄▄▄▄▄▄▄▄▄▄▄▄▄▄▄▄▄▄▄▄▄▄
█ ▄▄▄▄▄ █▀█▄██▄ █▀▀▀▄█▄▄▄▄▄██▄▄▄▄▀▄▀█ ▄▀▀█  ▄▀▄▄ ██ ▄▄▄▄▄ █
█ █   █ █▀▀▀ █ ███▀▀▄█▄▄▀ ▀█▀▄█▀ █▄█▄▀▄▀▄█▀ ▀█ ▄ ██ █   █ █
█ █▄▄▄█ █▀█ ██ ▀▄█▀▀▄ ▄▀▀ █ ▄▄▄   █▀█▄ ▀▀▀▄   ▀▀▄██ █▄▄▄█ █
█▄▄▄▄▄▄▄█▄▀▄█▄▀▄▀▄▀ ▀ ▀▄█ █ █▄█ ▀▄█ ▀▄▀▄▀▄█ ▀ █ ▀▄█▄▄▄▄▄▄▄█
█▄▄   ▀▄▄  ▀  ▄▀▄▄   ▄▀█▀▀    ▄ ▀█▀█▀ ▀█▀▀ ▀▀█▄█  ▄█▄█▄▀ ██
█ ▀▄▄  ▄     █▄  ▄▀ ▀▀▀  ▄▄▄  ▀█▀▀ ▀█▀▄▀▀█ ▀▀▄▀▄   ▄▀▀▀▀▄▀█
█   ▀██▄▀▀▄█▄█▄▄▀▄▀ ▀▄▀▄▄▀▄▄▄█▀█ ███  ▀███ ▀ ▀█▄ ▀█████▄▄██
█▄ ▀ ▀▄▄ ▄▀▄ ▄▄█▀ ▀▀▄ ▀█ █ ▄ ▄█ ▀ ▄▄▀ █▀▄▄▄█ ▀▄▄█▀▄ █▀▀▀ ▀█
█▀▄▄█▀█▄█  ▀ ▀▄▀▄█▄▄▄▄▄▀▄▀▀▀▀ ▀ ██ █ ▄▀▄█▀█  ▀▄▄▀▀▄█▄▀▀▄▄██
██▀▄ ▄ ▄ ▀▀█▀ ▀█▀█▄ █ ▄███▀▄▀ ███▀▀▄▄▀█ █▄ ██▀▄▀ ▄  ▄▄█ ▄▀█
█▄██ ▄█▄▄▄ ▀▀ ▀█▄▀▄ ▄█▀▀▀▄▀▀█▀  ████  ▀█▀▀▄ ▄█ █▄▀▀▄▀▀ ▀  █
█▄▀ █ ▄▄█ ▄▄█▄▀█▄ ▀▀▄█▀▄▀█▀ ▄█ ▄▄█▄ █  ▄  ▄▀▀ █▄▄██▄▄ ▀ ▀██
█▀▀▄▀▄█▄▄▀▀▀▀▀  ██▄ █▄▄▀▀ ███▀ ▀▄ ▄ ▄▄▄███▀ ████▀ ▀█▀██ ▄ █
██ ▀▄ ▄▄▄  █▄███▀▀▄█ ▀▄█▀▄▄ ▄▄▄ ▄▄▄██▄▄▄▄▄▄▄▀ ▄▄█ ▄▄▄ ▀ ▄▀█
█ ██▀ █▄█ █▀ ▄▄▄ ▄▄▀▀▄▄█▀▀▀ █▄█  ▀ ▄▄▄▀▄█▀▀▀ ██▄█ █▄█ ▀█▀ █
█ ███  ▄ ▄ ▀▀ ▄█  ▄ ▄█▀█▀█ ▄ ▄▄▄▀▀█ ▄ ▄█▀▀▄  ▀█▄ ▄▄▄  ▀▀▀██
█▀▀ ▀█ ▄▀▄▄▀▄▄▀▄██▄ ▀▄██▀ ▄▀▄▄▀ █▀▀█  ▀▄▀▀▀▀▄████▄▄█▀▄▀ ▄██
██ ███ ▄▀▀██▀▀█ ██▄▀▄▀▄█▄ ▄██▄▀ █▀  ▀▀▀▄ ▀▀ ▀▀ █▀▄▄▀▀█▀▀▄▀█
█▀▄▄██ ▄▄▄▄▄ ▀▄ ▀█▀▄▀▀▄▀▄ ▄▀▀█▄  ▀▀▄ ▄▀█▀█ ▀ ▀▄█▀▀ ▀▄█  ▄ █
███▀ ▄▀▄█▀▄▀▄█  ▀█▀▀▀  █▄ ▄▄▀█ ▄ ▄▀▄▀▄█ ▀█▀ █ ██ ▄▄▀▀██▀▄▄█
█ ▄██▀█▄█ ▀▄▄▀▀█▀▄▀▄▄▄▀█▀▀█▀███ ▀█▀█▀  ██▀▄ ▄█▄█▀▄▄ ▄▄▄▀███
█▄▄ ▄▄▄▄█▀▀▄  ██▀▀▀ ▄▀▀   █▀▄ ▄▄▀▀▀███ █ ▄▄▀▄▄▄█▀█▄▀▄   ▄██
█▄▀▄▀▄█▄▄▀█▄▄▄▄ ▄█▀  █▀▄▀ ▄ ▄█▄▄█▀▄▄▄ ▀▄▀█ ▀▄████   █▄ ▄  █
█ ▀ ▀▀▄▄ █▄ ▄▄█▄▀▄▄ █▀ ▄ ▀ ▄▄▀▄ █▀█▀▀▄ ██▀ █  ▀ █▄ ▀  ▀ █▀█
███████▄▄ ▀ ▀▀▄ ▄█▄▄▄▄█▀▄▀  ▄▄▄  ▀▄█   ███▀ █▀▄▄▀ ▄▄▄ ███▄█
█ ▄▄▄▄▄ █▄  ▀▄ ▄▀▄▀▄▄██▀██▄ █▄█ ▄▀ ▀███▄▄ ▀██ ▄█▀ █▄█ ▀▀▄██
█ █   █ █ ▄▄ █▄▄▄▀  ▄█▀█▀▄  ▄  ▄ ███▄  █ █▀ ▄▀▄▄█▄▄▄▄ █▀█▄█
█ █▄▄▄█ █ ▀ ▄ ▄ ▄  ▄▄█ ▄▀█▀ ▀█▀████  ▄▄▀ █▀ █▄ ▀█ ▀▄▄▀▀▀███
█▄▄▄▄▄▄▄█▄█▄███▄██▄▄▄█████▄█▄▄█▄▄▄▄▄▄▄████▄█▄█████▄████▄▄██

{"level":30,"time":1779185623623,"pid":87386,"hostname":"NOC64","msg":"📱 Scan the QR code above with WhatsApp to connect Moon"}
▄▄▄▄▄▄▄▄▄▄▄▄▄▄▄▄▄▄▄▄▄▄▄▄▄▄▄▄▄▄▄▄▄▄▄▄▄▄▄▄▄▄▄▄▄▄▄▄▄▄▄▄▄▄▄▄▄▄▄
█ ▄▄▄▄▄ █▀█▄███▀▀█  ▄██▄▀▄▄██▄▄▄▄▀▀█ █▄█ █ ▄█ ▄▄ ██ ▄▄▄▄▄ █
█ █   █ █▀▀▀▄▀ ███▀▀█▄▄▄  ▀█▀▄█▀ ▄▄█▀ ▄▀█▄▀ ▄▄ ▄ ██ █   █ █
█ █▄▄▄█ █▀▀▄▀▀ ▀▄█▀▀▄ ▄▀▀ █ ▄▄▄  ▄█▀▄▄ ▀██▄ █▀▀▀▄██ █▄▄▄█ █
█▄▄▄▄▄▄▄█▄█ █ ▀▄▀▄▀ ▀ ▀▄█ █ █▄█ ▀▄█ ▀▄▀▄▀▄█ ▀ █ ▀▄█▄▄▄▄▄▄▄█
█▄▄   █▄ ▄▄▀█▄▄▀▄▄   ▄▀█▀▀▄▄  ▄ ▀█▀█▀ ▀█▀▀ ▀▀█▄█▄▀ █ █▄▀ ██
█ ▀▄▄ ▀▄ ▀▄  ▀▄  ▄▀ ▀▀▀  ▄▀▄▄▄▀█▀▀▄▀█▀▄▀▀█▄█▀▄█▄▄▄ █▀▀▀▀▄▀█
█   ▀██▄█   ▄█▄▄▀▄▀ ▀▄▀▄▄▀▄███▀█ █▀▄  ████   ▀██▄▀██▀██ ▄██
██▄▄█▀▄▄▀█▀▄ ▄▄█▀ ▄▄▄ ▄▀ █ ▄ ██ ▀ ▀▄█ ▄ ▄  ▀▄▀▀  ▀▄ ▄▀▀  ▀█
█ ▄█▄▀█▄█  ▀ ▀▄▀██▄ ▀▄█▀ ▀▀▀▀  ▀██▀█▄▄ ▄█▀▀▀▄███▀▀▄█▄▀ █ ▀█
█▀ █▀  ▄ ▀▀█▀ ▀█  ▄ █ ▄█▀█▀▄▀ ██▀▀▀▄▀ ▄▀▄▀ ▄▄▀▄  ▄▄▄▄▄█ ▀██
█▀ █ ▀█▄▄▄ ▀█▀▀█▄▀▄ ▄█▀▀▀▄▀▀█▀  ▀▀██ ▄▀███▄ ▄█ █▄▀ █▀▀ ▀▀▀█
█▄▀ █▄▀▄█▄█▀█▄█ ▄ ▀▀▄█▀▄▀█▀ ▄█ ▄▄█▄ ▄▀ ▄  ▄▀▀▀█▄▄█▄ ▄▄▀ ▀██
█▀▀▄▀  ▄▄▀▀▀  ▀▀██▄ █▄▄▀▀ ▀██▀ ▀▄ ▄ ▄▄▄███▀ ████▄▀▀████ ▄ █
██ ▀▄ ▄▄▄ ▄▄ █▀▄▀▀▄█ ▀▄█▀▄█ ▄▄▄ ▄▄▄██▄▄▄▄▄▄ ▀  ▄▀ ▄▄▄ ▀ ▄▀█
█ █ ▀ █▄█  ▀ ▄▀█ ▄▄▀▀▄▄█▀▀▀ █▄█  ▀▄█▄▄▀██▀▀▀ █▄▄▀ █▄█  ▀▀ █
█▀█▀█ ▄▄ ▄ ▀▀ ▄█  ▄▄▄█▀█▀█ ▄ ▄▄▄▀▀█   █ ███▀▄▀ ▄ ▄▄▄▄ ▀ ▀██
██▄  █ ▄█ ▄▀▄▄▀▄▄▄▄ ▀█▀█▀ ▄▀▄▄▀ █▀▀█▄▄▀▄▀▀   ▀▄▄▀█▄██▄   ██
██▀█▄█ ▄▀ ██▀▀█  █▄▀█ ▄█▄ ▄██ ▀ ▀▀  ▄█ ▄▀▄▀  █▀█▀▄▄▀▄▄▀▀ ██
██ ▄██ ▄▄▄▄▄ █▄ ▀█▀▄▀▀▄▀▄ ▄▀▀█ ▄▄▀▀▄▀▄▀█▀█ ▀▄▀▄█▀▀ ▀▄█  █ █
███▀ ▄▀▄█▀▄  ▀█▀▀█▀▀▀  █▄ ▄▄▀█ ▄▀▄▀▄ ██ ▀▄▀ ▄▀██ ▄▄▀▀██▀▄▄█
█ ▄██ █▄█  ██▀█ ▀▄▀▄▄▄▀█▀▀█▀███ ▀█▀█▀  ██▀▄ ▄█▄█▀▄ ▀▄▄ ▀███
█▄▄ ▄ ▄▄█▀ █▄ ▄▄▀▀▀ ▄▀▀   █▀▄ ▄▄▀▀▀███▄█ ▄▄█▄▄▄███▀▀▄   ▄██
█▄▀ █▀ ▄ ▀  ▄▄▄▀▄█▀  █▀▄▀ ▄▄▄█▄▄█▀▄▄▄  ▄▀█▀ ▄█▄██  ▀▄▄▄▀  █
█ ▀ ▀▀▄▄▄▄▄ ▄▄█▄▀▄▀██▀   ▀▀▄▄▀▄ █▀█▀█▄██▀█▄▀   ▀▄█ █ ▄  █▀█
███████▄▄ ▀ ▀▀▄ ██▄▄ ▄▀▀▀▀  ▄▄▄  ▀▄█   ▄█▀▄  ▀▄▄█ ▄▄▄ ▄▄█ █
█ ▄▄▄▄▄ █▄  ▀▄ ▄█▀▀▄▀▀█▀▀█▄ █▄█  █ ▀▄ █▄▀▀ █▄█▄█▄ █▄█ ▀▀ ▀█
█ █   █ █ ▄▄██▄▄▄▀  ▄█▀█▀▄     ▄ ███▄  █▀█▀  █▄▄█▄▄▄▄ █▀▄██
█ █▄▄▄█ █  ▀▄▀▀▀▄  ▄▄█ ▄▀█▀ █▀▀██▄█  ▄▄▀▀█▀ ██ ▀█ ▀▄▀█▀▀███
█▄▄▄▄▄▄▄█▄▄█▄██▄██▄▄▄█████▄████▄▄▄▄▄▄▄████▄█▄█████▄█▄▄█▄▄██

{"level":30,"time":1779185643640,"pid":87386,"hostname":"NOC64","msg":"📱 Scan the QR code above with WhatsApp to connect Moon"}
{"level":30,"time":1779185663645,"pid":87386,"hostname":"NOC64","trace":"Error: QR refs attempts ended\n    at Timeout.genPairQR [as _onTimeout] (file:///Drive/codeProject/Shanuzz/saLab-server/webApp%20x%20LMS/whatsapp-moon/node_modules/@whiskeysockets/baileys/lib/Socket/socket.js:471:21)\n    at listOnTimeout (node:internal/timers:605:17)\n    at process.processTimers (node:internal/timers:541:7)","msg":"connection errored"}
{"level":40,"time":1779185663647,"pid":87386,"hostname":"NOC64","msg":"Connection closed. Reason: QR refs attempts ended. Reconnecting: true"}
{"level":30,"time":1779185665687,"pid":87386,"hostname":"NOC64","msg":"🌕 Moon rising... Baileys v2.3000.1035194821, latest=true"}
⚠️ The printQRInTerminal option has been deprecated. You will no longer receive QR codes in the terminal automatically. Please listen to the connection.update event yourself and handle the QR your way. You can remove this message by removing this opttion. This message will be removed in a future version.
{"level":30,"time":1779185666015,"pid":87386,"hostname":"NOC64","browser":["Moon LMS Bot","Chrome","1.0.0"],"helloMsg":{"clientHello":{"ephemeral":"0Sn+P4F2JmEUVdxXcFT6TRoZZb5SLgtfn5o5MjUfYD8="}},"msg":"connected to WA"}
{"level":30,"time":1779185666225,"pid":87386,"hostname":"NOC64","node":{"passive":false,"userAgent":{"platform":"WEB","appVersion":{"primary":2,"secondary":3000,"tertiary":1035194821},"mcc":"000","mnc":"000","osVersion":"0.1","device":"Desktop","osBuildNumber":"0.1","releaseChannel":"RELEASE","localeLanguageIso6391":"en","localeCountryIso31661Alpha2":"US"},"webInfo":{"webSubPlatform":"WEB_BROWSER"},"connectType":"WIFI_UNKNOWN","connectReason":"USER_ACTIVATED","devicePairingData":{"eRegid":"AAAAhQ==","eKeytype":"BQ==","eIdent":"iQ5MD6YHKbLq8/K5QVmrw9EJK8BO6OEXKfvq3HuMXUY=","eSkeyId":"AAAB","eSkeyVal":"1sD23ILEr+N3qwe6UzNJZpPkaIICWM+1UOA/2QjZOTM=","eSkeySig":"ZhsYXeg8vO1t3YSSmRTwezxrIMT5UqiyteYgzwVC/Hs9LItfqI/2NqHwyF6kBF26Ug9KeHdexoMIVAK7JiLPig==","buildHash":"oslHHv+RCp4a5lmJCiiHLQ==","deviceProps":"CgxNb29uIExNUyBCb3QYASAAKhUYgFAgATAAOAFAAUgBUAFYAWABcAE="},"pull":false},"msg":"not logged in, attempting registration..."}
▄▄▄▄▄▄▄▄▄▄▄▄▄▄▄▄▄▄▄▄▄▄▄▄▄▄▄▄▄▄▄▄▄▄▄▄▄▄▄▄▄▄▄▄▄▄▄▄▄▄▄▄▄▄▄▄▄▄▄
█ ▄▄▄▄▄ █▀▀ ▀▄▄▀▀▀ ▀█▀▀▄  ▄█ ▀   ▄█▀█▀▄▀▀▄▄▄ █▄▄ ██ ▄▄▄▄▄ █
█ █   █ █▀  ▀ ▀▄█▄█ ▄█▀▄  ▀██▄█▄▀█ ▀▀▀█▄▄▄▄▄ ▄ ▄ ██ █   █ █
█ █▄▄▄█ █▀▀█▀▀▀▄▄█▄▀▄ █▄▀ █ ▄▄▄ ▀▀█▀█▄█▀█    █▀▀▄██ █▄▄▄█ █
█▄▄▄▄▄▄▄█▄█▄▀ ▀▄▀▄▀▄▀ █▄█ █ █▄█ ▀▄█ ▀▄█▄█ █▄▀▄█▄▀▄█▄▄▄▄▄▄▄█
█▄▄▄  █▄▄▄ ▀▀▀▄▀▄█▄▄▀▄▀█ ▀▄▄ ▄  ▀█▀█▀  ▄▀▀  ▄█▄█▄▀ █▄▀▄▀ ▀█
█▄▄▀▄ ▄▄ ▄▄██▀▄ ▄█▀ ▀▀▀ █▄ ▄ ▀▀▄██▄█▀▄▀▄█▀█▄ ▀▀ ▄  █  ▀▀▀▀█
██▄█▀▄ ▄█▀▀▀▀ ▄▄▄█▀ ▄▄▀▄▀▀▀▄██▀█▄█▄▄  ▀▄▄█▀▀███▄█▀ █▄▀█ ▄██
█▄▀▀ ▄█▄▀▄▀▀ ▀▀  ▄▄▄▄█▀▀ ▀ ▄ ▄▀▄▀  █ █ ▄ ██ ▄█▀▄▀▀▄█▄▀  ▄▀█
█▄▄█▀██▄█▄▀█▄▄ █▄█▄  ▄▀█▀ █ ▀ █ ██▀▄█ ▀███   ▀ █▀▀▀█▄▀ ▀▄██
█▀▄▀██▀▄████▄█▀██▀█ █▄ ▄▀  ▄█▄▄▀▄ █▄██▀  ▀▄▄▀▄█ ▄▄█ ▀▀▀▀ ██
█ ▀ ▄▄▄▄██▄▀ ▀▀█▄▀  ▄██▀▀▄▀ ██   █▀▄   ▄██   ▀▄█▄▀ ▄▀█   ▀█
█▄▄▀  █▄ ▄▀ █ ▀▄▄ ▀█▄██▄▀█▀ █▀ ▄▄▄█ █▀█▀▀▀█ ▀█▄▄ ▀▄▄  ▄▀▀██
█▀▄ ▀  ▄▄ █ █▀▄██▄▄ █▄██▀ ██▀▀▄▀▄ ▄ ▄▄▄▄▀▀▀▀▄▀█▄▄▀▀█▄██▀  █
██▄▀▄ ▄▄▄ ▀██ ▄▄▄█▄█ ▀▄█▄▀▀ ▄▄▄   ▄▀▄▄▄▄▄▀▀▀▄█▄▄▀ ▄▄▄ █ ███
█ ▄   █▄█ █▄▄▀█ █▄▄▀ ▄▄█▀▀█ █▄█ ▀▀█▄▄▄ ▄▀█   █▄██ █▄█ ██ ▀█
█ ▄█  ▄▄   ▄▄▄███ ▀▄█ ▄█▄▀  ▄▄ ▄█▄▄   ▄█▀▄██▄ █▄  ▄▄  ▀ ███
█▀█▀ ▀▀▄██  ▄██ ▄█ ▄ █▀▀▀▀▄ █▄▀  █▀█  ▀▄██▀▀█▀██▀▄▀█▄█▄█  █
█ ▄ █▄█▄▄█  ▄ █▄█▄  ▄▀▀▀▄▄▄█▀▄▀ ▄█  ██▄  █▄██ ▀▀ █ ▀█   ▄▀█
█ ▀█▀█ ▄█▀▀▀  ▄█▀█▀▄▀▀▀█▄ ▄▄▀██  ▀██▄ ▄▄▀▀▀ ▄████▄▀▀▀▄██▄▀█
██ ▀▄ █▄█▄██▀   ▀█▄█▀  ▄▄ ▄ ▀█▄  █ █▀▀ ▄█▀█▄▀ ██▀█▄▀▄▄ ▀▄▄█
███ ▀▀▄▄▄▀▄  █ ▀▄▄▄ ▄▄██▄▀█▀▄█▄ ▀█▀█ ▄ █▀▀▄ ▀█▄█▀▄▄███▀█▀▀█
█▀██▀  ▄▄▀▀ ▀█▄█▄▄▀ ▄▀▀ ▄ █▀█  ▄███▀  ▄█▀█ █▄█ █▀▀▄▀▀▀ ▀ ██
██▀ ▄▄█▄█ ██ █▄▀▄▄▀  ▄▀▄▀▀█▄▄▄▄▄▄▀▄█  ▀█▀▀   ███▀█▀███▄▀█ █
█ ▀ ▀▀▄▄▀██▄▄▄ ▀███▄▀█▄██▄ ▄██▄ █▄█ █ █▄▄▀▀ ▄█▀▄█▄▄█ ▀▄▀▄██
███████▄▄▀▀▄▄▀ ▀▄▄▄  ███  ▀ ▄▄▄ ▄█▄█▄▄ ▄█▀█▀▄█▀▄█ ▄▄▄  ▀▀▄█
█ ▄▄▄▄▄ █▄█ ███▄█ █▀█▄█▀  ▄ █▄█  ▀▄▄   █▄▀▄███▀▄▄ █▄█ ▀  ██
█ █   █ █ ▀▄ ▄█▄▄▀▄▄▄█▀▀▀▄ ▄ ▄ ▄████▄▄ █▄█ ▀ █▀█ ▄▄  ▄ ▀█▄█
█ █▄▄▄█ █  ▀█▄█ ▄ ▀▀▄███▀█▄▀▀▀▀███▄▀▄▄ █▄▀█▀▀▄█   ▀██▀ ▀███
█▄▄▄▄▄▄▄█▄█▄███▄█▄█▄▄███▄█▄█▄▄█▄▄▄▄▄▄▄▄█▄██▄▄█▄█▄▄▄█▄███▄██

{"level":30,"time":1779185666638,"pid":87386,"hostname":"NOC64","msg":"📱 Scan the QR code above with WhatsApp to connect Moon"}
▄▄▄▄▄▄▄▄▄▄▄▄▄▄▄▄▄▄▄▄▄▄▄▄▄▄▄▄▄▄▄▄▄▄▄▄▄▄▄▄▄▄▄▄▄▄▄▄▄▄▄▄▄▄▄▄▄▄▄
█ ▄▄▄▄▄ █▀▀ ▀▄▄ ▄█ ▀ ▀ ▄  ▄█ ▀   ▄▀█▄▄█▀▀▄ ▄▄▄▄▄ ██ ▄▄▄▄▄ █
█ █   █ █▀  █▄▀▄█▄█ ▄▄▀▄  ▀██▄█▄ █ ▀▀▀█▄▄█▄▄▄▄ ▄ ██ █   █ █
█ █▄▄▄█ █▀██▀▀▀▄▄█▄▀▄ █▄▀ █ ▄▄▄  ▄█▀▄▄█▀▀█  ▀▄▀▀▄██ █▄▄▄█ █
█▄▄▄▄▄▄▄█▄▀ ▀ ▀▄▀▄▀▄▀ █▄█ █ █▄█ ▀▄█ ▀▄█▄█ █▄▀▄█▄▀▄█▄▄▄▄▄▄▄█
█▄▄▄  █▄  ▀▀▄█▄▀▄█▄▄▀▄▀█ ▀▄  ▄  ▀█▀█▀  ▄▀▀  ▄█▄█▀  █ █▄▀ ▀█
█▄▄▀▄▀█▄ ▄ ▄██▄ ▄█▀ ▀▀▀ █▄ ▄ ▀▀▄██▄█▀▄▀▄█▀▀  ▀▀▄█▄▀▄▀█▀▀▀▀█
██▄  ▄ ▄▄  ▀▀ ▄▄▄█▀ ▄▄▀▄▀▀▀▄▄█▀█▄█▄▄   █▄█▀▀██ ▄   █▀▀█▄▄██
██▄  ▄█▄▀█▀▀ ▀▀  ▄█ ▄█▀▀ ▀ ▄▀██▄▀ █▀ █▄▀ ██ ▄▀▀ ▀▀▄█▄▀▀▀▄▀█
█▀█  ██▄█▄▀█▄▄ █▄█▀▄▀▄██  █ ▀ █ ██▀█▀  ▄█▀█▀ █▀█▀▀▀█▄▀▀▀ ▀█
█▄█▀█▀█▄████▄█▀█▀▀█ ▄█ ▄▀▀ ▄█▄█▀  █▄▀█  ▄█▄██▀█ ▄▄█▄▀▀▀▀ ██
█ ▄ ▄█▄▄██▄▀ ▄▀█▄▀  ▄██▀▀▄▀ ██   ▀▀▄▄  ▄██   █▄█▄▀ ▄▀█  ▀ █
█▄▄▀ ██▄ ▄ ▀▀▄▄ ▄ ▀█▄██▄▀█▀ █▀ ▄█▄█ ▄ █▀▀▀█  █▄▄ ▀▀▀ ▄▄▀▀██
█▀▄ ▀ ▀▄ ▀██▄ ▀ █▄▄ █▄██▀ ▀▀▀▀▄▀▄ ▄ ▄▄▄▄▀▀▀▀▄▀█▄▄▀ ██▀█▀  █
██▄▀▄ ▄▄▄  ████▀▄█▄█ ▀▄█▄▀▄ ▄▄▄    █▄▄▄ ▄▀▀▀▄█  █ ▄▄▄ ▀ ███
█ ▄▄  █▄█  █▄▀█ █▄▄▀ ▄▄█▀▀▀ █▄█ ▀▀█▄▄▄▀▄▀██▀ █▄█▀ █▄█ ▀▀ ▀█
██ ▀   ▄ ▄ ▄▄▄███ ▀ █ ██▄▀▀▄▄▄ ▄█▄█  ▄███ ██▄ ▄▄▄▄▄▄  ▀▀███
█▀██ ▀▀▄▀▀  ▄██ ██▄  █▀▀  ▄ █▄▀  █▀█▀  ▄ ▀▀ ▄█▀▄▀▄▀█▄▄▄█  █
█▄▀▀▀▄█▄▀▄  ▄ █▄ █  ▀▀▀▀█▄▄██▄▀ ▄▀   █▄▀▄▀█▄█ ▀ ▀█ ▀▄█  ▄██
██▀█▀█ ▄█▀▀▀ ▄▄█▀█▀▄▀▀▀█▄ ▄▄▀█▀█▀███▄▄▄▄██▀  ████▄▀▀▀▄███ █
██ ▀▄ █▄█▄█▄▄ ▀ ▀█▄█▀  ▄▄ ▄ ▀█ ▄ █ █▀  ▄▄▀█▄▀▀██▀█▄▀▄▄ ▀▄▄█
███ ▀▀ ▄▄▀ ▄▄█▄▄▄▄▄ ▄▄██▄▀█▀▄█▄ ▀█▀█ ▄ █▀▀▄ ▀█▄█▀▄█▀██▀█▀▀█
█▀██▀▄ ▄▄▀▄█▀▄▀▄▄▄▀ ▄▀▀ ▄ ▀▀█  ▄██▀▀   ▀▀█ █▄█▄█▀█ █▀▀▄▀ ██
██▀ █ ▄▄█▀ ▄ █▀▄▄▄▀  ▄▀▄▀▀▄█▄▄▄▄▄▀ ▄  ▀▄▀▀ ▀ ██▄▀▀█ ▄▄▄██ █
█ ▀ ▀▀▄▄▀ █▄▄▄ ▀██ ▄▀█  █▄  ██▄ █▄█ █▄▄  ▀█▄ █▀▀▄▄▄▀ ▀█▀▄██
███████▄█▀▀▄▄▀ ▀█▄ ▄▀█▄▀▀▀▀ ▄▄▄ ▄█▄█   ████ ▄████ ▄▄▄  ▀▀▄█
█ ▄▄▄▄▄ █▄█ ███▄▄██▀ ██▀ ▀▄ █▄█  ▀▄▄▄ ▀█▄█▄██▀▀██ █▄█ ▀ ▄▀█
█ █   █ █ ▀▄▄▀█▄▄▀▄▄▄█▀▀▀▄ ▄▄▄ ▄▄███▄▄ █▀▀ ▀▄█▀█▀▄▄ ▄▄ ▀███
█ █▄▄▄█ █ ▀ ▄▄█ ▄ ▀▀▄███▀█▄▀▀▀▀██▄▄▀█▄ █▄▀█▀ ██   ▀███ ▀███
█▄▄▄▄▄▄▄█▄█▄██▄██▄█▄▄███▄█▄████▄▄▄▄▄▄▄▄█▄██▄▄█▄█▄▄▄█▄▄██▄██

{"level":30,"time":1779185726655,"pid":87386,"hostname":"NOC64","msg":"📱 Scan the QR code above with WhatsApp to connect Moon"}
▄▄▄▄▄▄▄▄▄▄▄▄▄▄▄▄▄▄▄▄▄▄▄▄▄▄▄▄▄▄▄▄▄▄▄▄▄▄▄▄▄▄▄▄▄▄▄▄▄▄▄▄▄▄▄▄▄▄▄
█ ▄▄▄▄▄ █▄█ █ █▄█▀█▄▄███▄▄▄▀▄▀▄▄  █▀█  █▀ ▄ ▄█ ▄ ██ ▄▄▄▄▄ █
█ █   █ █ ▀▀█▀ ▄███▀▄▄ █ ▀ █▄███ █▀  ▀▄▄ █▄██▄▀▄ ██ █   █ █
█ █▄▄▄█ █▄ ▀ ▀██▀▀█▄ ▀   █▀ ▄▄▄    █▀█▀ ▄ ▀██▀▄▀▄██ █▄▄▄█ █
█▄▄▄▄▄▄▄█▄▀▄█ ▀ █▄█ ▀▄▀▄▀▄█ █▄█ ▀ ▀ █ █ ▀ ▀ ▀ ▀▄█ █▄▄▄▄▄▄▄█
█▄▄▄ ▀▀▄█▄▄█▀ █▀█▄▄█ ▄ ▄  █▄ ▄   █ ▄▀▀▀▄   ▀███▄▄  █▀▄▄ ▀ █
█▀  ▀▄▄▄▄██▄   ▀▀▀ ██ ▄▄▄▀▄▄▀▀ ▀▀▄█▀ ▀▀█ █ █▄  ▄█▀█▄▄▀ ▄█ █
█▀▄▄▄▄▄▄ ▄ ▄█▄▄  ██▄▄ █▄██▀▀█▀█▀▄▀ █▄▄▄▀ ██▄█▀ ▄██ ▀█▀█▄▄▀█
██ ▀███▄ ▄      ▀██ ██▄   ▀▄▀▄██  █▀▄ █▄▀ ▀ █▀▀ ▀▀███  ▀█▀█
█▄▄  ▀▄▄▀█▄▀█▀▄▄ ▀█▀█▄▄▀ █▀▀▄▄▄█▀▄▄ █▀▄▄██▀▄ ▄ ▀ ▄█▄▀█ ▄  █
█▀ ▄█▀▀▄█▀▀█ ▀▀▀█▄▀▄ █▄▄▀█  ▀▄ █ ▄▀▄ ▄ ▄█▀▀▀█▄ ▀  █▄█▀██▄██
█▄▀ █▄ ▄▄██ ▄▀ ██  ▀██▄ ▀█  ▄▄ ▀▄▀ █ █▀▄▄▄ ▀█▀█▄▄ ▄▄ ▄ ▀▀▀█
█▀  ██▄▄ ▀▀▀█▀▄▀▀▄   ▄    █▀ █▀▀▀█ ▄▄█▀ ██▄███▀ ▀▄ ▀▀▄█▄█▄█
██▄▄█▄▀▄█▄▀█▀▄ █▀▄ ▄█ ▀██▄█▀█▀ █▄▄    ▄ █▀██▄█▀▄▄█▄▀ ▀▀█ ▄█
█▄█▀█ ▄▄▄ ▄▄██ ▄█▄▄▄▀▀█▄▄   ▄▄▄ ▀ ▀ ▄█▀▄█ █▄██▀█▀ ▄▄▄ ▀▀▄██
██  ▀ █▄█ ▀██▄▀▄  █▄▄█▀▀ ▄▀ █▄█ █   █▀ ▄▄▀▀█▄▄▄▀  █▄█ ▄▀▄ █
██▀█▄ ▄▄▄ ▄▄  █▀▀ ▀▀█▄█▄ █ ▄ ▄▄ █   ▄ ▀ ▀ ▄▄▄▄▀▄▀  ▄  ▄▄█▀█
█▀ ▀  ▀▄▀▄▀▀▄▄▄ ▄▄▄█ ▄█  ▀█ ▄▄▀▀▀█ ▄ ▀▄▄█▄▄ ▀█▄▄▀▄ █▄▄▄▄▀ █
█▄▄▀█ ▄▄█ █▄██▀█▀ ▀█▀ ▄█▀  ▄▄█ █  █▄▄▄ ▀ ▀█ ██▄▄  ▄ ▄█▀█▄▄█
█▄ ▀██▄▄███▀▄▄▄▀███ ▀███ ▄▄ ████ ▀▀█  ▄ █▀█▄▄█▀█▀ ▀██▄▀▀▄██
█▄▀▀█▀█▄▄▄▄ ▀▀█▀ ▄▄▄  ▀█▄▀█  ▄▄█ █▀▄▀ ▀▄▄ ██▀▀▄▄▀▄█▀██  █▄█
█ ▀▀▄▄█▄   ▄ ▀▄ ▀ ██ █ ▀█▄▀ ▀▀███▄▄▀▀▀▄▄▄████▄▀▀ ▀▀▄ ▀ ▄█ █
███▀█▄▀▄▄█▄▀ ▀█▄ ▄█▄▄██  ▄██▀ ▄ █▀▀█▄▄ ███▄█▄▀ ██▀▄██▀█▄ ▀█
█▄ █▀▀ ▄ █▀  ▄█▀██▀▀▀▄ █▀ ████▄██▀█▄ ▀▀▄  █▀▀█▄▄▀▀▄██▄ ▀▄ █
█ ▀ ▀▀▄▄█▀  █▀▄  ▀█▄█▄ ▀▄▀▄█ ▀██▀█▀▄ █▀▀█▀▀▄  ██▀   ██▀█ ▄█
███████▄▄▀█▄ █ ██▄▄▄▀▀████▀ ▄▄▄ ▄▀ █▄▄ ▀▀█▄█ ▀ ▄▀ ▄▄▄ █▄▀▄█
█ ▄▄▄▄▄ ██▄▀█▄▄▄█▄█ ▄ ▄ ▄▄█ █▄█ ▀▀██▄▀ ██ ▄▄  ▀█▄ █▄█ ▀▀▀██
█ █   █ █▀▄ █▄▀█▀██▀ ▄▄█ ▀▄▄ ▄  █▄ ▀▀█▄▄█▀▀▄  ▄▀▀   ▄ ▀▄ ██
█ █▄▄▄█ █  ▄▄     ██▄▀▀██▀▄█▄▀█▀▄▀ ▀   ▀▀▀▀█ ▀▀ ▄▄▀▀▀█▄██▀█
█▄▄▄▄▄▄▄█▄███▄▄▄▄█████▄▄▄▄███▄███▄██▄████▄█████▄▄███▄▄█▄███

{"level":30,"time":1779185746690,"pid":87386,"hostname":"NOC64","msg":"📱 Scan the QR code above with WhatsApp to connect Moon"}
▄▄▄▄▄▄▄▄▄▄▄▄▄▄▄▄▄▄▄▄▄▄▄▄▄▄▄▄▄▄▄▄▄▄▄▄▄▄▄▄▄▄▄▄▄▄▄▄▄▄▄▄▄▄▄▄▄▄▄
█ ▄▄▄▄▄ █ ▄ ▀▄ █ █▀▀▀ █▄█▄▀ █▀  █▀▀▀▄▄▀ █ ▄ ▀▄▀▄ ██ ▄▄▄▄▄ █
█ █   █ █  █▄▀▀▄▄  █▄▄▀▀██▀██▀ ▀█▄ ▄█▄█▄█▀▀▀▀█ ▄ ██ █   █ █
█ █▄▄▄█ █▀ █▀▀▄▀▀█▄▀▀█ ▄▀   ▄▄▄ ▀  ▀ ▄ ▄▄█  █▀▄▀▄██ █▄▄▄█ █
█▄▄▄▄▄▄▄█▄█ █ ▀▄▀ █ ▀ █ ▀▄█ █▄█ ▀▄█▄█ █▄█▄▀ ▀▄█ █ █▄▄▄▄▄▄▄█
█▄ ▀█▄ ▄██ █▀█▀▄▀█▄▄▄▀▄█ ▀█▄▄▄  ▄ ▄█▀ █▀▄▀  ▀ ▀█▄▀█▀ ▀▄ ▄▄█
█▀▄▀▄▄ ▄█▀▀ ██▄ ▄ ▄█▀▀▀█ ▀▄▄ ▄▄▀██ ▄▄▀█ █▄ ▀ ▀▀▀ ▀▀███▄▄▀▀█
██▀  ▄ ▄▀█▀▄▀ ▀▀▀█▀ ▀▀▄▄▀▀█▀█▀▀█▀  █  ▄ ▀█▀    █▄▀█ ▀▀█▄▀ █
█▄ █▄▀ ▄▀▄▀▄█▄▀  ▀▄▀▄█▄██▄ ▄ ▀ ▀▀ ▄▀█▄█▀  ▄▄ ▀ ▀█▄▄█▄▄▄█▄▀█
██▀▀ ██▄ ▀▄█▄▄█ ▀▄▄▄▄  ▀   █▄  ▀  ██▄▄█▀ ▀  ▄  █▀▀▄ ▀▀▀ █▄█
█ ▀ █ ▄▄███ ▀ ▀█ █ █ ▄ ▀ ▄ ▄█▀ ▄▄ █▀▀▀▀ ▄▄▀ ▀█▄▄▀▀▀▄▀▄▄▄▄▀█
█▄██▀▀▄▄  ▀▀▄ ▄ ▀▀  ▀  ▀▀▄▄█ █  █ ▄▄ ▄█▀▀█  █ ▀█▄▀█ ▄█  ▄▄█
█▀▄▀ █▀▄▄▄█ ▀▄▄█▄█▄ ▄██▀▄ ▀ █▄█▀█▄██▀██▀ ▄ █▀█▄▀█▄   █▀▄▀██
█▀▀█▄█▀▄▄▄ ▀█ ▄▀ ▄▄  ▀ █▀ ▄ ▄▀▄▀▀█▀ ▄▄▀▀▄▀▀▀▀▄ ▄ ▀▄ ███▀███
█ ▄▀▄ ▄▄▄ ▀ ▀▄▀▀▄ ▀  ▀▄ ▀▄▄ ▄▄▄   ▄ ▀▀ ▄▄▄  ▄█ █▀ ▄▄▄ ▄████
█ ▀ ▀ █▄█  ▄▄▀▀  ▄▄▀█▀▀█▀▀▄ █▄█ ▄▄▄█▄▄▀▀▄█  █ ▀█▄ █▄█ █ █▄█
██▀▀█▄▄▄▄▄ ▀▀▀███████ ▀ ▀▄▀▄▄ ▄ █▄████▄ ██▄▄  ██▄    ▄▄▄███
███ ▄▀▀▄▄ █ ▄█ █ █▄ ▀▀▄▀ ▀▀█▀█▀ █ ▄█  █ ▄█▀ ▄ ▀███▄ ▀██▄▀██
█ ▄ ▄▀ ▄ ▀ █▀██▄▄ ██▀█▀▄▄▄▄██ ▄█▄▀ ██ █ ▄ ▀ ▀▀ ▄▄  ▀▀███▄▀█
██▄ ▄█ ▄ ▄▄▀  ▀ ▄█▀▄▄▄▄█▄ ▀▀▄█▀▄█▄ █▄ ▀▀▄▀▀ ▄▄ ██▄▄▄▄▄██▀▄█
█  ▀▄█ ▄█▄ █▄█▄▄▀ ▀ ▀  ▀▀█▄ ▀ ▄▀▀█  ██ ▄▄█ ▀▀▀█ ▄ ▄▀▄▀█▄▄▄█
██ █▄▀█▄▀▄▄█ █▄▀▀▄▄ ▀▀ █▄▀ ▄▀█▄ ▄ ▄█ ▄█ ▄▀▄ ▄ ▀█▀▄   █▀█▄▄█
█▄██▀▄█▄▄▀   █  ▄▀▄█▄▀▀█▀█▀▀███▀██▀ ██▄▀▀ █▄▄█▄  ▀▀▀▀▄▄▄ ██
██▄▀▄█▀▄▄█▄▀ █▀▄▀▄▀ █▀▄▄▀▀ ▀▀▄▄▄▀▄█▄  ▄ ▄▀▀▀█ ▀█▀ ▄▄▀█▀▀ ██
█ ▀ ▀▀▄▄▀▀█▀▀▀ ▀█ ▄ ▀█▄▄ ▀▀ █ ▀██▄▄█ ██ ▄▄ ▄ ▀▄▀▀▀▄█▀▀▄▄▄██
███████▄█▀▄▄▄▀█▄ ▄ ▄▄  █  ▄ ▄▄▄ ▀ ▀█ ▄█ ▀▀▄ ▀▄▀▄▀ ▄▄▄ ▀  ▀█
█ ▄▄▄▄▄ █▀██  █▄▀  ▄ ██▄  ▄ █▄█  ▀▄▀█▄▀██ ▀ ▀▄  ▄ █▄█ ▄█▄▀█
█ █   █ █▄▄▄▄█ ▀▀▀▄▄▀ ▄▀▀▄█  ▄ ▄▄▄ █▄▄█  █ ▀█ ▄█▀▄ ▄▄  ▀ ▀█
█ █▄▄▄█ █▀█▀▄▄▀▄▄█▄▄▄██ ▄ ▄▀█ ▄ █▄▄▄▀  ██▄ ▄ ▄████▀██▄█▄███
█▄▄▄▄▄▄▄█▄██▄██▄▄▄█▄█▄▄█▄██▄▄██▄███▄▄▄█▄███▄█▄██▄▄█▄█████▄█

{"level":30,"time":1779185766711,"pid":87386,"hostname":"NOC64","msg":"📱 Scan the QR code above with WhatsApp to connect Moon"}
▄▄▄▄▄▄▄▄▄▄▄▄▄▄▄▄▄▄▄▄▄▄▄▄▄▄▄▄▄▄▄▄▄▄▄▄▄▄▄▄▄▄▄▄▄▄▄▄▄▄▄▄▄▄▄▄▄▄▄
█ ▄▄▄▄▄ █ ▄ ▀▄▀▄▄█ ▀▄▄▄▄▀ ▀ █▀  █▀ ▀▄▄█ ▄▀▄▄▀█▀▄ ██ ▄▄▄▄▄ █
█ █   █ █  █ ▀▀▄█  █▄▄▀▀██▀██▀ ▀▀▄ ▄███▄▀▀▀▀▀▄ ▄ ██ █   █ █
█ █▄▄▄█ █▀ ▀█ ▄▀▀█▄▀▀█ ▄▀   ▄▄▄ ▄▀ ▀██ ▄█▀  ▄█▄▀▄██ █▄▄▄█ █
█▄▄▄▄▄▄▄█▄▀▄▀ ▀▄▀ █ ▀ █ ▀▄█ █▄█ ▀▄█▄█ █▄█▄▀ ▀▄█ █ █▄▄▄▄▄▄▄█
█▄ ▀█ ▄▄███▄  ▀▄▀█▄▄▄▀▄█ ▀▀ ▄▄  ▄ ▄█▀ █▀▄▀  ▀ ▀█▄▀█▀ ▀▄ ▄▄█
█▀▄▀▄█▀▄▀▄██▀▄▄ ▄ ▄█▀▀▀█ ▀ ▄▄ ▄▀██ ▄▄▀█▄█▄▄█ ▀█▀█▄▀█ █▄▄▀▀█
██▀▀ ▄ ▄ ▀██▀ ▀▀▀█▀ ▀▀▄▄▀▀▄  ▀▀█▀ █▄  ▄ ▀█    ▀█▀ █ ███ ▀ █
█  ▀▄▀ ▄▀▄▀▄█▄▀  ▀█▀▄█  █▄ ▄ ▀▄█▀ █▀█ ▀█▄ ▄▄▄█  ▀ ▄██▄▄█▄▀█
█▄▄▄ ██▄ ▀▄█▄▄█  ▄  ▄ ▄▀▀  █▄ ▄▀  ▄▄█ █▀▄█ ▀▀ ▀▄▀▀▄ ▀▀▀▀█▄█
█ █ ▄▄ ▄███ ▀ ▀█   █▀█ ▀ ▄ ▄█▀▀▄  █▀▄▀▀ ▀▀ ▀▄▀██▀▀▀ ▀▄▄▄ ██
█ ▄█▀▀▄▄  ▀▀▀▀▄ ▀▀  ▀  ▀▀▄▄█ █  ▄▄▄▄ ▄█▀ ▀  ▀ ▀█▄▀█▀▄█  ███
█▀▄▀ ▄▄▄  ▄▀▀▄▄█▄█▄ ▄██▀▄ ▀ █▄█▀▄███▀██▀▀█ █ █▄▀█▄▀  █▀▄▀██
█▀▀█▄▄▀▄██▄▄ ▄▀  ▄▄  ▀ █▀ ▄▄▄▀▄▀▀█▀ ▄▄▀▀▄▀▀▀▀▄ ▄ ▀█ ▀▀█▀███
█ ▄▀▄ ▄▄▄ ███▄█ ▄ ▀  ▀▄ ▀▄█ ▄▄▄    ▄▀▀ ▄▄▄ ▄▄█▄▀█ ▄▄▄ ▄████
█ ▀ ▄ █▄█ ▄▀▄▀▄▀ ▄▄▀█▀▀█▀▀  █▄█ ▄▄▀█▄▄█ ▄█  █ ▄██ █▄█ ▀▀█▄█
██  ▄▄ ▄   ▀▀▀████▄▄█ ██▀▄  ▄ ▄ █▄▄███ █▀██ ▄ ▀▀▄ ▄▄▄ ▄████
██▄▀█▀▀▄▄▀█ ▄█ █ █  █▀ ▀  ▀██▄▀ █ ▄█▄▄▄▀ █▀▀█ ▀▄█ ▄ ▀▄▄█▀▀█
█▀█▀▄▀ ▄▄  █▀██▄▄▄██▄█▀▄▄▄▄█▄ ▄█ █ █▄▀▄▀ ▄▀ ▀▀ ▄█  ▀▀███▄██
█▄  ▄█ ▄ ▄▄▀▄█▀ ▄█▀▄▄▄▄█▄ ▀▀▄█  ▀  █ ▄▀▀ ▀▀ █  ██▄▄▄▄▄██▀▄█
█  ▀▄█ ▄█▄█ ▀█▀█▀ ▀ ▀  ▀▀█▄ ▀ ▀▀▀▄  █▄ ▄██ ▀▀ █ ▄ ▄▀▄▀█▄▄▄█
██ █▄█▄▄▀▄█ ▀█ █▀▄▄ ▀▀ █▄▀ ▄▀█▄ ▄ ▄█ ▄█ ▄▀▄ ▄ ▀█▀▄▀  █▀▀▄▄█
█▄██▀▀█▄▄▀▄▀▄▀█ ▄▀▄█▄▀▀█▀██▀███▀███ ██▄▀▀ ▀ ▄█▄ ▄▀ █▀▄██ ██
██▄▀▄▀ ▄▀▀ ▄ █▄ ▀▄▀ █▀▄▄▀▀▀▄▀▄▄▄▀▄▀▄  █ ▄▀▀▀█ ▀▄█▀ ▄▄▄▄  ██
█ ▀ ▀▀▄▄ ▄█▀▀▀ ▀█ ▄▄▀█▄▀ ▀ ▀█ ▀██▄██ █▀▄▄▄▀█ ▀ ▄   ▀█▀▄█▄██
███████▄█ ▄▄▄▀█▄▀█▀▄▄▀ ▀▀▀▄ ▄▄▄ ▀ ▀█ ▄▄  ▀▄▀ ▄▀▄▀ ▄▄▄ ▀▀▄██
█ ▄▄▄▄▄ █▀██  █▄▀▄ ▄███▄█▄▄ █▄█  ▀▄▀ ▀▀▄▀▄▀ █   ▀ █▄█ ▄█ ██
█ █   █ █▄▄▄▀▀ ▀▀▀▄▄▀ ▄▀▀▄█ ▄▄ ▄ ▄ █▄▄█ ▄▀ ▀▀▄▄█▀▄ ▄▄  ▀▀ █
█ █▄▄▄█ █▀ ▀▀ ▀▀▄█▄▄▄██ ▄ ▄▀▀▄▄ ██▄▄▀▀ █▄█ ▄ █████▀█▄ █▄███
█▄▄▄▄▄▄▄█▄▄▄▄███▄▄█▄█▄▄█▄██▄▄██▄███▄▄▄█▄███▄█▄██▄▄█▄▄████▄█

{"level":30,"time":1779185786721,"pid":87386,"hostname":"NOC64","msg":"📱 Scan the QR code above with WhatsApp to connect Moon"}
▄▄▄▄▄▄▄▄▄▄▄▄▄▄▄▄▄▄▄▄▄▄▄▄▄▄▄▄▄▄▄▄▄▄▄▄▄▄▄▄▄▄▄▄▄▄▄▄▄▄▄▄▄▄▄▄▄▄▄
█ ▄▄▄▄▄ █▀▀ ▀▄█ ▀▀  ▄▀ █  ▄█ ▀   ▄▀█  ▄▀▄█▀▄▄▀▄▄ ██ ▄▄▄▄▄ █
█ █   █ █▀  ▀▄▀▄███ ██▀▄▀ ▀██▄█▄▄▄ ▀▄▀█▄██▄▄▄▄ ▄ ██ █   █ █
█ █▄▄▄█ █▀██▄▄▀▄▄█▄▀▄ █▄▀ █ ▄▄▄ █▀█▀███▀▄▄  ██▀▀▄██ █▄▄▄█ █
█▄▄▄▄▄▄▄█▄█▄█ ▀▄▀▄▀▄▀ █▄█ █ █▄█ ▀▄█ ▀▄█▄█ █▄▀▄█▄▀▄█▄▄▄▄▄▄▄█
█▄▄▄ ▄█▄  █  ▄▄▀▄█▄▄▀▄▀█ ▀▄▄ ▄  ▀█▀█▀  ▄▀▀  ▄█▄█ ▀▄█ █▄▀ ▀█
█▄▄▀▄▀█▄██▀ ▄▄▄ ▄█▀ ▀▀▀ █▄ ▄▄▀▀▄██ █▀▄█ █▀█▄ ▀▀▄▄  ▄██▀▀▀▀█
██▄▄█▄ ▄█ █▄▀ ▄▄▄█▀ ▄▄▀▄▀▀▀▄█▀▀█▄██▄   █▄█▄ ██▄▄ ▀ █▀▀▀ ▄██
███▄▀▄█▄ ▄▀▀ ▀▀  ▄▀ ▄█▄▀ ▀ ▄▀█▀ ▀ ▄█▄▀▀  ▀▄▀ ▀ ▀██▄█▄▀  ▄▀█
█▀█ ███▄█▄▀█▄▄ █▀▄█▄▀█▀▀▀ █ ▀   ██▀█▄▄ ▄▀▀▀▀▀▀ █▀▀▀█▄▀ ▀ ▀█
█ ███▀█▄████▄█▀████ ▄▄ ▄█▀ ▄█▄█  ▄█▄██▀ ▄███▀▀█ ▄▄▀▄▀▀▀▀ ▀█
█▀▀ ▄█▄▄██▄▀▄▄▀█▄▀  ▄██▀▀▄▀ ██  ▄▀▀▄▄▄ ▄▀█  ▄█▄█▄▀▄█▀█   ▀█
█▄▄▀ ▄▄▄▄ ▄▄▀█ ▀▄ ▀█▄██▄▀█▀ █▀ ▄█▄█ █ █▀  █ ▀█▄▄ ▀█▄▄ ▄▀▀██
█▀▄ ▀▄█▄▄ ▀█▄▀███▄▄ █▄██▀ ▀▀▀▀▄▀▄ ▄ ▄▄▄▄▀▀▀▀▄▀█▄▀  ▄▄██▀  █
██▄▀▄ ▄▄▄  ▀▀▄ █▄█▄█ ▀▄█▄▀█ ▄▄▄    ▀▄▄▄ ▄▀█▀▄█▄▄▀ ▄▄▄ ▀ ███
█ ▄▄▄ █▄█ ▄▀▄▀ ▀█▄▄▀ ▄▄█▀▀▀ █▄█ ▀▀██▄▄ ▄▀█   ██▄▀ █▄█ ▀▀ ▀█
█ █ █▄ ▄▄▄ ▄▄▄███ ▀██ ▀█▄▀  ▄▄ ▄█▄█ ▄▄█▀█   ▄▄▀ ▄▄ ▄  ▀ ███
█   ▄▀▀▄    ▄██ ▀▄▀▄▄▄▀█  ▄ █▄▀  █▀█▄▄▀▄ █  ▄█▄█▀█▀██▄██  █
█ ▀▀ ▄█▄ █  ▄ █▄▄▀   █▀▀▀▄▄█▄█▀ ▄█  ▀██▀ ▀▄▄   ▀▀█ ▀▄▀   ▀█
█▄██▀█ ▄█▀▀▀▀▀▄█▀█▀▄▀▀▀█▄ ▄▄▀███▄▀███ ▄▄▀█▀ █▀███▄▀▀▀▄███▀█
██ ▀▄ █▄█▄▀█▀██▀▀█▄█▀  ▄▄ ▄ ▀█▄ ▀▄ █▀▀ ▄▄ █▄▀▀██▀█▄▀▄▄ ▀▄▄█
███ ▀  ▄▄▀  ▄ ▄▀▄▄▄ ▄▄██▄▀█▀▄█▄ ▀█▀█ ▄ █▀▀▄ ▀█▄█▀▄  ███▀▀▀█
█▀██▀▀ ▄▄▀█▄▄ ▄▀▄▄▀ ▄▀▀ ▄ █▀█  ▄████   ▀▀█ ▀▄█ ▀▀█▄▀▀▀ ▀ ██
██▀ ██▀▄  ▄█ █ ▄▄▄▀  ▄▀▄▀▀▄ ▄▄▄▄▄▀██   █▀▀█▀ █ ▄▀ ▀▄▄██ █ █
█ ▀ ▀▀▄▄▀██▄▄▄ ▀██  ▀█▄▄█▄ ▄██▄ █▄█▀█ ▀█▄▀██▄▀▀▄█▄ ████▀▄██
███████▄▄▀▀▄▄▀ ▀▄█▄▄▀██▀▀▀▀ ▄▄▄ ▄█▄█▄ ▀▄▄██▀▄▀██▀ ▄▄▄  ▀▀▄█
█ ▄▄▄▄▄ █▄█ ███▄███▀███▀▄▄▄ █▄█  ▀▄▄▄ ▀█▄▀▄█▀  █  █▄█ ▀  ██
█ █   █ █ ▀▄▄ █▄▄▀▄▄▄█▀▀▀▄ ▄▄  ▄▄███   ██▀ ▀██▀█▀▄▄  ▄ ▀▄▄█
█ █▄▄▄█ █ ▄   ▄▄▄ ▀▀▄███▀█▄▀ █▀██▄▄▀▄█ ██ █▀▀▄█   ▀██▀ ▀███
█▄▄▄▄▄▄▄█▄████▄██▄█▄▄███▄█▄█▄▄█▄▄▄▄▄▄▄▄█▄██▄▄█▄█▄▄▄█▄▄██▄██

{"level":30,"time":1779185806750,"pid":87386,"hostname":"NOC64","msg":"📱 Scan the QR code above with WhatsApp to connect Moon"}
{"level":30,"time":1779185826760,"pid":87386,"hostname":"NOC64","trace":"Error: QR refs attempts ended\n    at Timeout.genPairQR [as _onTimeout] (file:///Drive/codeProject/Shanuzz/saLab-server/webApp%20x%20LMS/whatsapp-moon/node_modules/@whiskeysockets/baileys/lib/Socket/socket.js:471:21)\n    at listOnTimeout (node:internal/timers:605:17)\n    at process.processTimers (node:internal/timers:541:7)","msg":"connection errored"}
{"level":40,"time":1779185826760,"pid":87386,"hostname":"NOC64","msg":"Connection closed. Reason: QR refs attempts ended. Reconnecting: true"}
{"level":30,"time":1779185830811,"pid":87386,"hostname":"NOC64","msg":"🌕 Moon rising... Baileys v2.3000.1035194821, latest=true"}
⚠️ The printQRInTerminal option has been deprecated. You will no longer receive QR codes in the terminal automatically. Please listen to the connection.update event yourself and handle the QR your way. You can remove this message by removing this opttion. This message will be removed in a future version.
{"level":30,"time":1779185831085,"pid":87386,"hostname":"NOC64","browser":["Moon LMS Bot","Chrome","1.0.0"],"helloMsg":{"clientHello":{"ephemeral":"zMTSP6Ti0mDaKBpoE33OodKQVAuJp3nlE8WIhzS2kmA="}},"msg":"connected to WA"}
{"level":30,"time":1779185831302,"pid":87386,"hostname":"NOC64","node":{"passive":false,"userAgent":{"platform":"WEB","appVersion":{"primary":2,"secondary":3000,"tertiary":1035194821},"mcc":"000","mnc":"000","osVersion":"0.1","device":"Desktop","osBuildNumber":"0.1","releaseChannel":"RELEASE","localeLanguageIso6391":"en","localeCountryIso31661Alpha2":"US"},"webInfo":{"webSubPlatform":"WEB_BROWSER"},"connectType":"WIFI_UNKNOWN","connectReason":"USER_ACTIVATED","devicePairingData":{"eRegid":"AAAAhA==","eKeytype":"BQ==","eIdent":"mmxXyPrD/PlkangF3WlocO00Fq3/2EauzRv3b0X2tRI=","eSkeyId":"AAAB","eSkeyVal":"7UFRFXPvrttVJElKohZAfMbbvYM5ZnuQ2ydqdrueUjg=","eSkeySig":"axu8BDFpO2MW+BBZZiJ8rQ9WzUzORAkerMar9sqVMMSHr9chb53ufzIl7DrwF+qxh0Ryc5vDWs8Jz3jO2x9Ogw==","buildHash":"oslHHv+RCp4a5lmJCiiHLQ==","deviceProps":"CgxNb29uIExNUyBCb3QYASAAKhUYgFAgATAAOAFAAUgBUAFYAWABcAE="},"pull":false},"msg":"not logged in, attempting registration..."}
▄▄▄▄▄▄▄▄▄▄▄▄▄▄▄▄▄▄▄▄▄▄▄▄▄▄▄▄▄▄▄▄▄▄▄▄▄▄▄▄▄▄▄▄▄▄▄▄▄▄▄▄▄▄▄▄▄▄▄
█ ▄▄▄▄▄ █▀█▀▄█ █▀▀▄███▄▄ ▄ ▀██▀▄▀█▄▀█▀▀▀▄ ▄ ▄▄▄▄ ██ ▄▄▄▄▄ █
█ █   █ █▀█ ▀█▀█▄▄▀ ██▄█ ▀▀█▄█▀▄ ██ ▀ ▀█▄▄█ ▄▄ ▄ ██ █   █ █
█ █▄▄▄█ █▀ ▀████▄█▀▀▄ ▀ ▀ █ ▄▄▄  ▀▀▀ █▄▀▀▄ ▄ ▄▀▀▄██ █▄▄▄█ █
█▄▄▄▄▄▄▄█▄█ █ █ ▀▄█ ▀ ▀▄█ █ █▄█ ▀▄█ ▀▄█▄▀ ▀▄█ ▀▄▀▄█▄▄▄▄▄▄▄█
█ ▄ ▄▄▀▄ ▄█▀█  ██▄  ▄▄▄▀  ▄▄ ▄▄ ▀█▀█▀▄ ▄▀█▄▀▄███▄▀▄█▄▀▄▀▄▀█
███▀▄▄█▄█▄ ▀██▄ █▄▀ ▀▀▀ █ ████▀█▀▀▄▀▄█▀▄   ▀▀▄ ▀ ▀  ▀█▀▀ ██
███▄██ ▄▄█ ▄  ▄▄██▀ ▄▄▀▄ ▀▄▄▀█▀█▀█▄█▄  ▄█▀   █▄█  ▀█▀██  ▀█
██ ▄██▀▄ █▀▄▄ █▀▀ ▄  ▄▀▀█▀ █▀██ ▀▀ █▄██▄  ▀▀▀ ▄▄▀▀██▄█  █▀█
██▀▄█ ▄▄█▄██▀█▄█▄▄▄▄ ▄▀▀█▀█▀▀ ▀  █ █ ▄ ▄██   ▀▄█▄▀▀███▄ ▀▀█
█▄ ▄█▄▄▄██▀ ▄▄▀█▄█▄ █▄ ▀▄ ▀▄█ ▄ █▀▀▄█  ▀▄▀█▀ ▀█  ▀▄▄ ▀█ ▄▀█
███ █ ▄▄▀███▀ ▀█▄▀█▄▄██▀▀▄ ▀██▀▀▄▀█▄ ▄▀▄▄▀▀▀▀▀▄█▄▀ ▄▀▀▄▀ ▀█
█▄▀▀▄█▄▄▄  ▄▄██▄▄ █▀▄█ ▀▀█▀  █▀▄██▄▀▄██ ███ ▀▀▄ ▄▀▀▄█▀▀▀▀██
█ ▀█▀ █▄█▀ █▄ █▀██▄▄█▄█▀▄▀▀█▀█▄▀▄ ▄ ▄▄ ██▀▄▀▄▀▄█▀ ▀█ █▄  ▄█
█▄▄▄▀ ▄▄▄ ▄█  █▄▀█▄█ ▀▄██▀█ ▄▄▄   ▄███▀▀▀  ▀    ▀ ▄▄▄ ▀  ██
█▀▀ ▄ █▄█  ███▀▄▄▄▄▀▄▄▄█▀▀▀ █▄█ ▄▀█▄ ▄ ▄▀█ ▀▄████ █▄█ █▀▀ █
█▀ ▀ ▄ ▄▄ █   ▀▄ █ ▀█▄▀▄ ▀▄▄   ▄▄▀▄  ▄▀██▄▀██ ▀██▄▄▄▄▄ ▀▀▀█
█▀▄ █▄▄▄▀▀█▄ ██▀██▀▄ ▄██▀▀█▄██▀  █▀█▄ ▀▄██▀▀▄▀▄▄▀▄▀ ██  ▄▄█
█ ▀▀   ▄█▀▀▄  ▄▄ ▀▀██▄  ██▄ ▄█▀ ▄█▄ ▄█ ██▀▀▀▀▀▄▀▀▀▄▀    ▄▀█
██▀ █ ▀▄ ███▄▀▀▀▀█▄▄▀▀▀█▄ ▄█▀█ ▄ █▀▄ ▄ ▄ ██ ▄████▀▄▀▄█  ▄▀█
█▄ █ ▀█▄▄██ ▀█▄▄▀█ ▀▀ ▀█▄ ▄ ▀█▄▄ █▀▄▄██▀ ▄█▀█ ▄ ▀▄▄▀█▄  ▄▄█
█▄▀ ▄ █▄ ▀█▀██▄▀▄█ ▄▄▄██▀▀█▀▄▄▀▀▀█▀█▄▄ ██▀▀▀ █▄██▄█▄▄██▄███
█▀ █▄▄▄▄▄███▄   ▀ ▀ ▄▀▀ ▄▀▀▀██▄ ██▀█ ▀▀  ▀▀█▀▄▀▀▄█▄█▀ ▀▀▄▀█
█▀▀ ▀  ▄▄██ ▄ █▀██▀ ▀▄▀▄ ▀▄████▄▄█▄▄ ▄▀█▀█▀ ▄█▄█▀  ▄▄██ █▄█
█ ▀ ▀▀▄▄█ ▄▄▀▀▀▄▀▄▄ ▀▄  ▀▀▄  ▀▄ ▀▀▄ █ ▄▄▄██ █▄▀▄█▄ ▀▀▄   ▀█
███████▄▄▀   ██ ▀▄▀▄▄▄█▀  ▀ ▄▄▄ ██▄█ ▄▀▄▀█  ▄▀ ▄█ ▄▄▄ ▄   █
█ ▄▄▄▄▄ █▄██ ▄█ ▄█ ▀▀██ █ ▄ █▄█ ▀ ▀██  █▀█▀▄ ▀█ ▄ █▄█ ▄ ▀██
█ █   █ █ ▀█▄▄▀█▄▀▄▄▄██▀▀▄▀ ▄  ▄▀█ █ ▄█▄▀█ ▀ ███▀▄▄▄▄▄█████
█ █▄▄▄█ █ █▀ ▀▄ ▄ █ ▄█ ▀▀█▄▀▄█▀████ ▄▄ ▄ ▄ ▄▄██▄ ▄ ▄▀▀▀ ███
█▄▄▄▄▄▄▄█▄█▄█▄██▄█▄▄████▄████▄█▄▄▄▄▄▄▄▄▄████▄█▄██▄█▄██▄█▄██

{"level":30,"time":1779185831808,"pid":87386,"hostname":"NOC64","msg":"📱 Scan the QR code above with WhatsApp to connect Moon"}
▄▄▄▄▄▄▄▄▄▄▄▄▄▄▄▄▄▄▄▄▄▄▄▄▄▄▄▄▄▄▄▄▄▄▄▄▄▄▄▄▄▄▄▄▄▄▄▄▄▄▄▄▄▄▄▄▄▄▄
█ ▄▄▄▄▄ █▀█▀▄█ ▄▄▀▄█▀██▄█  ▀██▀▄▀███▀█ █ █▄ ▀▄▄▄ ██ ▄▄▄▄▄ █
█ █   █ █▀█ ▀█▀███▀ ██▄█  ▀█▄█▀▄ ██ ▀▀▀████ ▀▄ ▄ ██ █   █ █
█ █▄▄▄█ █▀ ██▀██▄█▀▀▄ ▀ ▀ █ ▄▄▄ ▀█▀▀ █▄▀▄█ ▄▄▄▀▀▄██ █▄▄▄█ █
█▄▄▄▄▄▄▄█▄▀ █ █ ▀▄█ ▀ ▀▄█ █ █▄█ ▀▄█ ▀▄█▄▀ ▀▄█ ▀▄▀▄█▄▄▄▄▄▄▄█
█ ▄ ▄▄█▄▄▄▀▀▄  ██▄  ▄▄▄▀   ▄ ▄▄ ▀█▀█▀▄ ▄▀█▄▀▄███ ▀ █ ▀▄▀▄▀█
███▀▄██▄ ▀▀  █▄ █▄▀ ▀▀▀ █ ▀█▀█▀█▀▀▄█▄██▄   █▀▄▄█ ▀ ▀▄ ▀▀ ██
███▄██ ▄ █ ▄  ▄▄██▀ ▄▄▀▄ ▀█▄█▀▀█▀█▄█▄ ▀▄█▀   █▄█ ▀▀█▄▀█▄ ▀█
█ ▄███▀▄ ▄▀▄▄ █▀▀  ▄ ▄███▀ █▀▄█ ▀▀▀█▄█▄ ▄   ▀ ▀▀█▄███▄  █▀█
█▄▄█▄ ▄▄█▄██▀█▄█▄▄▀▄▀███  █▀▀    █▀█▄  █ ▀ ▀ ███▄▀▀████ ▀▀█
█  ▀▀▄ ▄██▀ ▄▄▀██▀▄ ▄▀ ▀█▄▀▄█ ▄ ██▀▄██▀▀▄ █   ▄▀ ▀▄▄ ▀█ ▀██
██▀ █ █▄▀███▄▀▀█▄▀█▄▄██▀▀▄ ▀██▀▀▄▀█▄▄ ▀▄▄▀▀▀▄▀▄█▄▀ ▄▀▀▄▀  █
█▄▀▀▄ ▄▄ ▄▀▄█ ▄▀▄ █▀▄█ ▀▀█▀  █▀▄▄█▄▀▄▄█ ▄██  ▀▄ ▄▀██▀▀▀▀▀██
█ ▀█▀▄▀▄███▀▄ ▄███▄▄█▄█▀▄▀█▀▀█▄▀▄ ▄ ▄▄ ██▀▄▀▄▀▄█▄▀▀█▀▀▄  ▄█
█▄▄▄▀ ▄▄▄ ▄█▀▀▀ ▀█▄█ ▀▄██▀  ▄▄▄    ███▀█▀  ▀  ▄▄  ▄▄▄ ▀  ██
█▀▀▀▀ █▄█ █▄████▄▄▄▀▄▄▄█▀▀▀ █▄█ ▄▀██ ▄▀█▀█ ▀▄██▄█ █▄█  █▀ █
██▀ ▀▄▄▄▄ █   ▀▄ ██ █▄ ▀ ▀█    ▄▄▀▄▀▄▄▀▀█ █▄█ █▀▀▄  ▄▄  ▀▀█
█▀█ █▄▄▄▀▀█▄ ██▀▄█▄▄▀▄█▀▀ █▄▄█▀  █▀█   ███▀▀ ▀█▄▀▀▀ ▄▄▀▀▄ █
█▄▀██  ▄  ▀▄  ▄▄▀█▀██▀  █▄▄ ▄█▀  ▀▄ ▄▀ ▄█   ▀██ ▀▀▄▀▄▀   ██
██▄ █ ▀▄ ████▀▀▀▀█▄▄▀▀▀█▄ ▄█▀██▀█▀▀▄▄  ▄ ▀█  ████▀▄▀▄█  ▄▀█
█▄ █ ▀█▄▄█▄▀▄ █ ▀█ ▀▀ ▀█▄ ▄ ▀█▄  █▀▄███▀ ▄█▀▄▀▄ ▀▄▄▀█▄  ▄▄█
█▄▀ ▄█ ▄ ▀▄▄▀▄██▄█ ▄▄▄██▀▀█▀▄▄▀▀▀█▀█▄▄ ██▀▀▀ █▄██▄▄▀▄█▀ ███
█▀ █▄█▄▄▄█▀ ▀█▄ ▀ ▀ ▄▀▀ ▄▀█▀██▄ ██▀▀ ▀█▄ ▀▀▀▀▄▀▀ ▀▄▀▀ ▀ ▄▀█
█▀▀▄█▄▀▄▀  ▀▄ ▄▄██▀ ▀▄▀▄ ▀▄▀███▄▄█ ▄ ▄▀▄▀█▄ ▄█▄▄▀▄█▄█▄▀▄█▄█
█ ▀ ▀▀▄▄▀ ▄▄▀▀▀▄▀▄█▄▀▄▄▄▀▀▄▀ ▀▄ ▀▀█ █ ██ ▀ ▀▀   ▀▄▀▀ ▀▀  ▀█
███████▄█▀   ██ ▄▄▄▄ ███▀▀▀ ▄▄▄ ██▄█ ▄▄██▀  ▀▀▄█▀ ▄▄▄ █ ▄ █
█ ▄▄▄▄▄ █▄██ ▄█ ▄▀ ▀ ▄█ ▄▄▄ █▄█ █ ▀█ ▀▀▄▀█▀█ ▀▄▀▀ █▄█ ▄  ██
█ █   █ █ ▀█▀▄▀█▄▀▄▄▄██▀▀▄▀ ▄  ▄ █ █ ▄█▄██ ▀ ███ ▄▄▄ ▄███▄█
█ █▄▄▄█ █  █▄█▀ ▄ █ ▄█ ▀▀█▄▀ █▀██▄█ ▄▄ ▄ ▄ ▄▄██▄ ▄ ▄██▀ ███
█▄▄▄▄▄▄▄█▄▄▄▄█▄▄▄█▄▄████▄████▄█▄▄▄▄▄▄▄▄▄████▄█▄██▄█▄▄█▄█▄██

{"level":30,"time":1779185891818,"pid":87386,"hostname":"NOC64","msg":"📱 Scan the QR code above with WhatsApp to connect Moon"}
▄▄▄▄▄▄▄▄▄▄▄▄▄▄▄▄▄▄▄▄▄▄▄▄▄▄▄▄▄▄▄▄▄▄▄▄▄▄▄▄▄▄▄▄▄▄▄▄▄▄▄▄▄▄▄▄▄▄▄
█ ▄▄▄▄▄ █▀█▀▄█ ▄ █▄█ ▀█▄▄▄ ▀██▀▄▀█▀█▀▀▀▀▀ ▄ █▀▄▄ ██ ▄▄▄▄▄ █
█ █   █ █▀█ ▀▀▀█▄█▀ ██▄█ ▀▀█▄█▀▄▀██ ▀▀▀██▄█ ▀▄ ▄ ██ █   █ █
█ █▄▄▄█ █▀▄▀▄ ██▄█▀▀▄ ▀ ▀ █ ▄▄▄  ▀▀▀▀▄▄▀█▄ ▄▄█▀▀▄██ █▄▄▄█ █
█▄▄▄▄▄▄▄█▄█▄▀ █ ▀▄█ ▀ ▀▄█ █ █▄█ ▀▄█ ▀▄█▄▀ ▀▄█ ▀▄▀▄█▄▄▄▄▄▄▄█
█ ▄ ▄▄█▄ ▄▄▄█▀ ██▄  ▄▄▄▀   ▄ ▄▄ ▀█▀█▀▄ ▄▀█▄▀▄███▀▀ █▄▀▄▀▄▀█
███▀▄█▄▄ ▀▄ █ ▄ █▄▀ ▀▀▀ █ ▀▄█▀▀█▀▀ ▀▄██   ▄█▀▄▄█▄▀▀ ▀ ▀▀ ██
███▄▄█ ▄▄▄ ▀  ▄▄██▀ ▄▄▀▄ ▀▄▄ █▀█▀███▄  ██▀   ███▄▀▀█ ▀█▄ ▀█
█▀▀█ █▀▄▀▄▀▄▄ █▀▀ █▄ ▄▀▀█▀ █ ▄█▄▀▀ ▄ █▄█ ▄▄██ ██  ██▄█  █▀█
███ ▀ ▄▄█▄██▀█▄█▀▄▄▄ ███▀▀█▀▀ ▀  █▀█ ▄ █▀▀▀ ▄▀▀█▄▀▀███▄ ▀▀█
██▄▄  ▄▄██▀ ▄▄▀█▄▀▄ ▀▀ ▀▄▄▀▄█ █▀██▀▄▄▀▀  ▀█▀▀ █  ▀▄  ▀█ █▀█
██▄ ██▀▄▀███ █▀█▄▀█▄▄██▀▀▄ ▀██▀▀ ██▄▄▄▀▄█▀▀▀▀█▄█▄▀ ▄▀▀▄▀▀ █
█▄▀▀▄▀ ▄▄▄██▀▀▀█▄ █▀▄█ ▀▀█▀  █▀▄██▄▀█▄█ █▄█ ▀ ▄ ▄▀█▄▀▀▀▀▀██
█ ▀█▀ █▄▄██▄█▄ ███▄▄█▄█▀▄▀█▀▀█▄▀▄ ▄ ▄▄ ██▀▄▀▄▀▄█  ▀▄▄▀▄  ▄█
█▄▄▄▀ ▄▄▄ ▄▄▄▄▄▄▀█▄█ ▀▄██▀▄ ▄▄▄   ▄▀████▀  ▀  ▄▄▀ ▄▄▄ ▀  ██
█▀▀██ █▄█ ▄▄███▄▄▄▄▀▄▄▄█▀▀▀ █▄█ ▄▀██ ▄ ▄▀█  ▄█▄▄▀ █▄█ █ ▀ █
█▄▀█▀▄▄▄▄▄█   ▀▄ █▀██▄ █ ▀▄    ▄▄▀█▀▄▄ ██ ▄ █▄▀██▄ ▄ ▄▀▀▀▀█
█▄█▄▄▄▄▄ ▀█▄ ██▀▄▄▄ ▀███▀▀█▄▄▄▀  █▀█▀  █▄▀  ▄█ ▄▀█▀ ▀▄▀  ▄█
█▄ ▄   ▄▄▄▀▄  ▄▄▀█▀██   █▀▄ ▄█▀  ▀▄ █▄ █ ▀ ▀ ▀█  ▀▄▀ ▄   ▀█
█▄▀ █ ▀▄ ███▄▄▀▀▀█▄▄▀▀▀█▄ ▄█▀█▄▀█▀▀▄▄▄ ▄███  ▀███▀▄▀▄█  █ █
█▄ █ ▀█▄▄█▄ ▄▄  ▀█ ▀▀ ▀█▄ ▄ ▀█▄▄ ▄▀▄▄██▀▀▄█▀█▀▄ ▀▄▄▀█▄  ▄▄█
█▄▀ ▄▄▄▄ ▀ █▄▄ █▄█ ▄▄▄██▀▀█▀▄▄▀▀▀█▀█▄▄ ██▀▀▀ █▄██▄▀▀▄█▀ ███
█▀ █▄▄▄▄▄█ ▄▄ ▄ ▀ ▀ ▄▀▀ ▄▀▀▀██▄ ██▀▀ ▀█▄ ▀██▀▄██ █ ▀▀ ▄▀▄▀█
█▀▀▄▄█ ▄█ ▀▄▄ ▄▀██▀ ▀▄▀▄ ▀▄████▄▄█▄▄ ▄▀█▀█  ▄█▄▄█▀██▄█ ▀█▄█
█ ▀ ▀▀▄▄██▄▄▀▀▀▄▀▄ ▀▀▄  ▀▀█  ▀▄ ▀▀▄▀█▄▄▄ ▀█▀▀ ██▀▄▀▀█▀▀▀ ▀█
███████▄▄    ██ █▄▀▄ █▀▀  ▀ ▄▄▄ ██▄█▄▄ ▄█▀ ▀ ▀▄▄█ ▄▄▄ █▀▄ █
█ ▄▄▄▄▄ █▄██ ▄█  ▄ ▀▀▀█ ▀ ▄ █▄█ █ ▀█▄▄▀█▀█▀█▀▀█▀█ █▄█ ▄ ▄██
█ █   █ █ ▀█ ▀▀█▄▀▄▄▄██▀▀▄▀ ▄  ▄ █ █  █▄▀█ ▀█▀██ ▄▄▄  ██▄██
█ █▄▄▄█ █ █▀█▄▄▄▄ █ ▄█ ▀▀█▄▀▀█▀█▄██ ██ ▄ ▄ ▄█▄█▄ ▄ ▄██▀ ███
█▄▄▄▄▄▄▄█▄█▄▄██▄▄█▄▄████▄███▄▄█▄▄▄▄▄▄▄▄▄████▄█▄██▄█▄▄█▄█▄██

{"level":30,"time":1779185911848,"pid":87386,"hostname":"NOC64","msg":"📱 Scan the QR code above with WhatsApp to connect Moon"}
